<?xml version="1.0" encoding="UTF-8"?>
<testsuites name="TestH" time="67" tests="3" failures="0" errors="0">
   <testsuite name="TestH" tests="3" failures="0" errors="0" time="67" timestamp="2018-05-09 23:51:54" hostname="Administrator - USER-20170218VE" id="Test Suites/TestH">
      <properties>
         <property name="deviceName" value=""/>
         <property name="devicePlatform" value=""/>
         <property name="logFolder" value="F:\\234project-backend\\234project\\Reports\\TestH\\20180509_235145"/>
         <property name="logFiles" value="F:\\234project-backend\\234project\\Reports\\TestH\\20180509_235145\\execution0.log"/>
         <property name="attachments" value=""/>
         <property name="hostName" value="Administrator - USER-20170218VE"/>
         <property name="os" value="Windows 10 64bit"/>
         <property name="katalonVersion" value="5.4.1.1"/>
         <property name="browser" value="Chrome 62.0.3202.94"/>
         <property name="hostAddress" value="192.168.0.103"/>
         <property name="sessionId" value="399854e58571dfc420ebbd84012fc12d"/>
         <property name="seleniumVersion" value="3.7.1"/>
         <property name="proxyInformation" value="ProxyInformation{proxyOption=NO_PROXY, proxyServerType=HTTP, password=, proxyServerAddress=, proxyServerPort=0}"/>
         <property name="platform" value="Windows 10"/>
      </properties>
      <testcase name="Test Cases/TestH" classname="Test Cases/TestH" status="PASSED">
         <system-out><![CDATA[2018-05-09 23:51:55 - [TEST_CASE][PASSED] - Test Cases/TestH: Test Cases/TestH

2018-05-09 23:51:56 - [TEST_STEP][PASSED] - openBrowser: Browser is opened with url: ''

2018-05-09 23:52:07 - [MESSAGE][PASSED] - Browser is opened with url: ''

2018-05-09 23:52:07 - [TEST_STEP][PASSED] - navigateToUrl: Navigate to 'http://54.245.190.238:9998/' successfully

2018-05-09 23:52:17 - [MESSAGE][PASSED] - Navigate to 'http://54.245.190.238:9998/' successfully

2018-05-09 23:52:17 - [TEST_STEP][PASSED] - setText: Text 'user' is set on object 'Object Repository/AddToCarts/input_username'

2018-05-09 23:52:20 - [MESSAGE][PASSED] - Text 'user' is set on object 'Object Repository/AddToCarts/input_username'

2018-05-09 23:52:20 - [TEST_STEP][PASSED] - setText: Text 'user' is set on object 'Object Repository/AddToCarts/input_password'

2018-05-09 23:52:20 - [MESSAGE][PASSED] - Text 'user' is set on object 'Object Repository/AddToCarts/input_password'

2018-05-09 23:52:20 - [TEST_STEP][PASSED] - click: Object: 'Object Repository/AddToCarts/button_Login' is clicked on

2018-05-09 23:52:20 - [MESSAGE][PASSED] - Object: 'Object Repository/AddToCarts/button_Login' is clicked on

2018-05-09 23:52:20 - [TEST_STEP][PASSED] - click: Object: 'Object Repository/AddToCarts/button_add to cart' is clicked on

2018-05-09 23:52:24 - [MESSAGE][PASSED] - Object: 'Object Repository/AddToCarts/button_add to cart' is clicked on

2018-05-09 23:52:24 - [TEST_STEP][PASSED] - verifyElementText: Actual text and expected text of test object 'Object Repository/AddToCarts/div_already added' are matched.

2018-05-09 23:52:24 - [MESSAGE][PASSED] - Actual text and expected text of test object 'Object Repository/AddToCarts/div_already added' are matched.

2018-05-09 23:52:24 - [TEST_STEP][PASSED] - click: Object: 'Object Repository/AddToCarts/button_add to cart' is clicked on

2018-05-09 23:52:25 - [MESSAGE][PASSED] - Object: 'Object Repository/AddToCarts/button_add to cart' is clicked on

2018-05-09 23:52:25 - [TEST_STEP][PASSED] - verifyElementText: Actual text and expected text of test object 'Object Repository/AddToCarts/div_already added' are matched.

2018-05-09 23:52:25 - [MESSAGE][PASSED] - Actual text and expected text of test object 'Object Repository/AddToCarts/div_already added' are matched.

2018-05-09 23:52:25 - [TEST_STEP][PASSED] - click: Object: 'Object Repository/AddToCarts/button_add to cart' is clicked on

2018-05-09 23:52:25 - [MESSAGE][PASSED] - Object: 'Object Repository/AddToCarts/button_add to cart' is clicked on

2018-05-09 23:52:25 - [TEST_STEP][PASSED] - verifyElementText: Actual text and expected text of test object 'Object Repository/AddToCarts/div_already added' are matched.

2018-05-09 23:52:25 - [MESSAGE][PASSED] - Actual text and expected text of test object 'Object Repository/AddToCarts/div_already added' are matched.

2018-05-09 23:52:25 - [TEST_STEP][PASSED] - click: Object: 'Object Repository/AddToCarts/button_add to cart' is clicked on

2018-05-09 23:52:25 - [MESSAGE][PASSED] - Object: 'Object Repository/AddToCarts/button_add to cart' is clicked on

2018-05-09 23:52:25 - [TEST_STEP][PASSED] - verifyElementText: Actual text and expected text of test object 'Object Repository/AddToCarts/div_already added' are matched.

2018-05-09 23:52:25 - [MESSAGE][PASSED] - Actual text and expected text of test object 'Object Repository/AddToCarts/div_already added' are matched.

2018-05-09 23:52:25 - [TEST_STEP][PASSED] - click: Object: 'Object Repository/AddToCarts/button_add to cart' is clicked on

2018-05-09 23:52:25 - [MESSAGE][PASSED] - Object: 'Object Repository/AddToCarts/button_add to cart' is clicked on

2018-05-09 23:52:25 - [TEST_STEP][PASSED] - verifyElementText: Actual text and expected text of test object 'Object Repository/AddToCarts/div_already added' are matched.

2018-05-09 23:52:25 - [MESSAGE][PASSED] - Actual text and expected text of test object 'Object Repository/AddToCarts/div_already added' are matched.

2018-05-09 23:52:25 - [TEST_STEP][PASSED] - click: Object: 'Object Repository/AddToCarts/a_Carts            5' is clicked on

2018-05-09 23:52:25 - [MESSAGE][PASSED] - Object: 'Object Repository/AddToCarts/a_Carts            5' is clicked on

2018-05-09 23:52:25 - [TEST_STEP][PASSED] - verifyElementText: Actual text and expected text of test object 'Object Repository/AddToCarts/td_Garden' are matched.

2018-05-09 23:52:26 - [MESSAGE][PASSED] - Actual text and expected text of test object 'Object Repository/AddToCarts/td_Garden' are matched.

2018-05-09 23:52:26 - [TEST_STEP][PASSED] - verifyElementText: Actual text and expected text of test object 'Object Repository/AddToCarts/td_Banana' are matched.

2018-05-09 23:52:26 - [MESSAGE][PASSED] - Actual text and expected text of test object 'Object Repository/AddToCarts/td_Banana' are matched.

2018-05-09 23:52:26 - [TEST_STEP][PASSED] - verifyElementText: Actual text and expected text of test object 'Object Repository/AddToCarts/td_Orange' are matched.

2018-05-09 23:52:26 - [MESSAGE][PASSED] - Actual text and expected text of test object 'Object Repository/AddToCarts/td_Orange' are matched.

2018-05-09 23:52:26 - [TEST_STEP][PASSED] - verifyElementText: Actual text and expected text of test object 'Object Repository/AddToCarts/td_Papaya' are matched.

2018-05-09 23:52:26 - [MESSAGE][PASSED] - Actual text and expected text of test object 'Object Repository/AddToCarts/td_Papaya' are matched.

2018-05-09 23:52:26 - [TEST_STEP][PASSED] - verifyElementText: Actual text and expected text of test object 'Object Repository/AddToCarts/td_Rambutan' are matched.

2018-05-09 23:52:26 - [MESSAGE][PASSED] - Actual text and expected text of test object 'Object Repository/AddToCarts/td_Rambutan' are matched.

2018-05-09 23:52:26 - [TEST_STEP][PASSED] - closeBrowser: Browser is closed

2018-05-09 23:52:29 - [MESSAGE][PASSED] - Browser is closed]]></system-out>
         <system-err><![CDATA[]]></system-err>
      </testcase>
      <testcase name="Test Cases/TestH" classname="Test Cases/TestH" status="PASSED">
         <system-out><![CDATA[2018-05-09 23:52:29 - [TEST_CASE][PASSED] - Test Cases/TestH: Test Cases/TestH

2018-05-09 23:52:29 - [TEST_STEP][PASSED] - openBrowser: Browser is opened with url: ''

2018-05-09 23:52:34 - [MESSAGE][PASSED] - Browser is opened with url: ''

2018-05-09 23:52:34 - [TEST_STEP][PASSED] - navigateToUrl: Navigate to 'http://54.245.190.238:9998/' successfully

2018-05-09 23:52:40 - [MESSAGE][PASSED] - Navigate to 'http://54.245.190.238:9998/' successfully

2018-05-09 23:52:40 - [TEST_STEP][PASSED] - setText: Text 'user' is set on object 'Object Repository/AddToCarts/input_username'

2018-05-09 23:52:41 - [MESSAGE][PASSED] - Text 'user' is set on object 'Object Repository/AddToCarts/input_username'

2018-05-09 23:52:41 - [TEST_STEP][PASSED] - setText: Text 'user' is set on object 'Object Repository/AddToCarts/input_password'

2018-05-09 23:52:41 - [MESSAGE][PASSED] - Text 'user' is set on object 'Object Repository/AddToCarts/input_password'

2018-05-09 23:52:41 - [TEST_STEP][PASSED] - click: Object: 'Object Repository/AddToCarts/button_Login' is clicked on

2018-05-09 23:52:41 - [MESSAGE][PASSED] - Object: 'Object Repository/AddToCarts/button_Login' is clicked on

2018-05-09 23:52:41 - [TEST_STEP][PASSED] - click: Object: 'Object Repository/AddToCarts/button_add to cart' is clicked on

2018-05-09 23:52:43 - [MESSAGE][PASSED] - Object: 'Object Repository/AddToCarts/button_add to cart' is clicked on

2018-05-09 23:52:43 - [TEST_STEP][PASSED] - verifyElementText: Actual text and expected text of test object 'Object Repository/AddToCarts/div_already added' are matched.

2018-05-09 23:52:43 - [MESSAGE][PASSED] - Actual text and expected text of test object 'Object Repository/AddToCarts/div_already added' are matched.

2018-05-09 23:52:43 - [TEST_STEP][PASSED] - click: Object: 'Object Repository/AddToCarts/button_add to cart' is clicked on

2018-05-09 23:52:43 - [MESSAGE][PASSED] - Object: 'Object Repository/AddToCarts/button_add to cart' is clicked on

2018-05-09 23:52:43 - [TEST_STEP][PASSED] - verifyElementText: Actual text and expected text of test object 'Object Repository/AddToCarts/div_already added' are matched.

2018-05-09 23:52:43 - [MESSAGE][PASSED] - Actual text and expected text of test object 'Object Repository/AddToCarts/div_already added' are matched.

2018-05-09 23:52:43 - [TEST_STEP][PASSED] - click: Object: 'Object Repository/AddToCarts/button_add to cart' is clicked on

2018-05-09 23:52:43 - [MESSAGE][PASSED] - Object: 'Object Repository/AddToCarts/button_add to cart' is clicked on

2018-05-09 23:52:43 - [TEST_STEP][PASSED] - verifyElementText: Actual text and expected text of test object 'Object Repository/AddToCarts/div_already added' are matched.

2018-05-09 23:52:43 - [MESSAGE][PASSED] - Actual text and expected text of test object 'Object Repository/AddToCarts/div_already added' are matched.

2018-05-09 23:52:43 - [TEST_STEP][PASSED] - click: Object: 'Object Repository/AddToCarts/button_add to cart' is clicked on

2018-05-09 23:52:43 - [MESSAGE][PASSED] - Object: 'Object Repository/AddToCarts/button_add to cart' is clicked on

2018-05-09 23:52:43 - [TEST_STEP][PASSED] - verifyElementText: Actual text and expected text of test object 'Object Repository/AddToCarts/div_already added' are matched.

2018-05-09 23:52:44 - [MESSAGE][PASSED] - Actual text and expected text of test object 'Object Repository/AddToCarts/div_already added' are matched.

2018-05-09 23:52:44 - [TEST_STEP][PASSED] - click: Object: 'Object Repository/AddToCarts/button_add to cart' is clicked on

2018-05-09 23:52:44 - [MESSAGE][PASSED] - Object: 'Object Repository/AddToCarts/button_add to cart' is clicked on

2018-05-09 23:52:44 - [TEST_STEP][PASSED] - verifyElementText: Actual text and expected text of test object 'Object Repository/AddToCarts/div_already added' are matched.

2018-05-09 23:52:44 - [MESSAGE][PASSED] - Actual text and expected text of test object 'Object Repository/AddToCarts/div_already added' are matched.

2018-05-09 23:52:44 - [TEST_STEP][PASSED] - click: Object: 'Object Repository/AddToCarts/a_Carts            5' is clicked on

2018-05-09 23:52:44 - [MESSAGE][PASSED] - Object: 'Object Repository/AddToCarts/a_Carts            5' is clicked on

2018-05-09 23:52:44 - [TEST_STEP][PASSED] - verifyElementText: Actual text and expected text of test object 'Object Repository/AddToCarts/td_Garden' are matched.

2018-05-09 23:52:44 - [MESSAGE][PASSED] - Actual text and expected text of test object 'Object Repository/AddToCarts/td_Garden' are matched.

2018-05-09 23:52:44 - [TEST_STEP][PASSED] - verifyElementText: Actual text and expected text of test object 'Object Repository/AddToCarts/td_Banana' are matched.

2018-05-09 23:52:44 - [MESSAGE][PASSED] - Actual text and expected text of test object 'Object Repository/AddToCarts/td_Banana' are matched.

2018-05-09 23:52:44 - [TEST_STEP][PASSED] - verifyElementText: Actual text and expected text of test object 'Object Repository/AddToCarts/td_Orange' are matched.

2018-05-09 23:52:44 - [MESSAGE][PASSED] - Actual text and expected text of test object 'Object Repository/AddToCarts/td_Orange' are matched.

2018-05-09 23:52:44 - [TEST_STEP][PASSED] - verifyElementText: Actual text and expected text of test object 'Object Repository/AddToCarts/td_Papaya' are matched.

2018-05-09 23:52:44 - [MESSAGE][PASSED] - Actual text and expected text of test object 'Object Repository/AddToCarts/td_Papaya' are matched.

2018-05-09 23:52:44 - [TEST_STEP][PASSED] - verifyElementText: Actual text and expected text of test object 'Object Repository/AddToCarts/td_Rambutan' are matched.

2018-05-09 23:52:44 - [MESSAGE][PASSED] - Actual text and expected text of test object 'Object Repository/AddToCarts/td_Rambutan' are matched.

2018-05-09 23:52:44 - [TEST_STEP][PASSED] - closeBrowser: Browser is closed

2018-05-09 23:52:46 - [MESSAGE][PASSED] - Browser is closed]]></system-out>
         <system-err><![CDATA[]]></system-err>
      </testcase>
      <testcase name="Test Cases/TestH" classname="Test Cases/TestH" status="PASSED">
         <system-out><![CDATA[2018-05-09 23:52:46 - [TEST_CASE][PASSED] - Test Cases/TestH: Test Cases/TestH

2018-05-09 23:52:46 - [TEST_STEP][PASSED] - openBrowser: Browser is opened with url: ''

2018-05-09 23:52:52 - [MESSAGE][PASSED] - Browser is opened with url: ''

2018-05-09 23:52:52 - [TEST_STEP][PASSED] - navigateToUrl: Navigate to 'http://54.245.190.238:9998/' successfully

2018-05-09 23:52:57 - [MESSAGE][PASSED] - Navigate to 'http://54.245.190.238:9998/' successfully

2018-05-09 23:52:57 - [TEST_STEP][PASSED] - setText: Text 'user' is set on object 'Object Repository/AddToCarts/input_username'

2018-05-09 23:52:57 - [MESSAGE][PASSED] - Text 'user' is set on object 'Object Repository/AddToCarts/input_username'

2018-05-09 23:52:57 - [TEST_STEP][PASSED] - setText: Text 'user' is set on object 'Object Repository/AddToCarts/input_password'

2018-05-09 23:52:57 - [MESSAGE][PASSED] - Text 'user' is set on object 'Object Repository/AddToCarts/input_password'

2018-05-09 23:52:57 - [TEST_STEP][PASSED] - click: Object: 'Object Repository/AddToCarts/button_Login' is clicked on

2018-05-09 23:52:57 - [MESSAGE][PASSED] - Object: 'Object Repository/AddToCarts/button_Login' is clicked on

2018-05-09 23:52:57 - [TEST_STEP][PASSED] - click: Object: 'Object Repository/AddToCarts/button_add to cart' is clicked on

2018-05-09 23:53:00 - [MESSAGE][PASSED] - Object: 'Object Repository/AddToCarts/button_add to cart' is clicked on

2018-05-09 23:53:00 - [TEST_STEP][PASSED] - verifyElementText: Actual text and expected text of test object 'Object Repository/AddToCarts/div_already added' are matched.

2018-05-09 23:53:00 - [MESSAGE][PASSED] - Actual text and expected text of test object 'Object Repository/AddToCarts/div_already added' are matched.

2018-05-09 23:53:00 - [TEST_STEP][PASSED] - click: Object: 'Object Repository/AddToCarts/button_add to cart' is clicked on

2018-05-09 23:53:00 - [MESSAGE][PASSED] - Object: 'Object Repository/AddToCarts/button_add to cart' is clicked on

2018-05-09 23:53:00 - [TEST_STEP][PASSED] - verifyElementText: Actual text and expected text of test object 'Object Repository/AddToCarts/div_already added' are matched.

2018-05-09 23:53:00 - [MESSAGE][PASSED] - Actual text and expected text of test object 'Object Repository/AddToCarts/div_already added' are matched.

2018-05-09 23:53:00 - [TEST_STEP][PASSED] - click: Object: 'Object Repository/AddToCarts/button_add to cart' is clicked on

2018-05-09 23:53:00 - [MESSAGE][PASSED] - Object: 'Object Repository/AddToCarts/button_add to cart' is clicked on

2018-05-09 23:53:00 - [TEST_STEP][PASSED] - verifyElementText: Actual text and expected text of test object 'Object Repository/AddToCarts/div_already added' are matched.

2018-05-09 23:53:00 - [MESSAGE][PASSED] - Actual text and expected text of test object 'Object Repository/AddToCarts/div_already added' are matched.

2018-05-09 23:53:00 - [TEST_STEP][PASSED] - click: Object: 'Object Repository/AddToCarts/button_add to cart' is clicked on

2018-05-09 23:53:00 - [MESSAGE][PASSED] - Object: 'Object Repository/AddToCarts/button_add to cart' is clicked on

2018-05-09 23:53:00 - [TEST_STEP][PASSED] - verifyElementText: Actual text and expected text of test object 'Object Repository/AddToCarts/div_already added' are matched.

2018-05-09 23:53:00 - [MESSAGE][PASSED] - Actual text and expected text of test object 'Object Repository/AddToCarts/div_already added' are matched.

2018-05-09 23:53:00 - [TEST_STEP][PASSED] - click: Object: 'Object Repository/AddToCarts/button_add to cart' is clicked on

2018-05-09 23:53:00 - [MESSAGE][PASSED] - Object: 'Object Repository/AddToCarts/button_add to cart' is clicked on

2018-05-09 23:53:00 - [TEST_STEP][PASSED] - verifyElementText: Actual text and expected text of test object 'Object Repository/AddToCarts/div_already added' are matched.

2018-05-09 23:53:00 - [MESSAGE][PASSED] - Actual text and expected text of test object 'Object Repository/AddToCarts/div_already added' are matched.

2018-05-09 23:53:00 - [TEST_STEP][PASSED] - click: Object: 'Object Repository/AddToCarts/a_Carts            5' is clicked on

2018-05-09 23:53:00 - [MESSAGE][PASSED] - Object: 'Object Repository/AddToCarts/a_Carts            5' is clicked on

2018-05-09 23:53:00 - [TEST_STEP][PASSED] - verifyElementText: Actual text and expected text of test object 'Object Repository/AddToCarts/td_Garden' are matched.

2018-05-09 23:53:00 - [MESSAGE][PASSED] - Actual text and expected text of test object 'Object Repository/AddToCarts/td_Garden' are matched.

2018-05-09 23:53:00 - [TEST_STEP][PASSED] - verifyElementText: Actual text and expected text of test object 'Object Repository/AddToCarts/td_Banana' are matched.

2018-05-09 23:53:00 - [MESSAGE][PASSED] - Actual text and expected text of test object 'Object Repository/AddToCarts/td_Banana' are matched.

2018-05-09 23:53:00 - [TEST_STEP][PASSED] - verifyElementText: Actual text and expected text of test object 'Object Repository/AddToCarts/td_Orange' are matched.

2018-05-09 23:53:01 - [MESSAGE][PASSED] - Actual text and expected text of test object 'Object Repository/AddToCarts/td_Orange' are matched.

2018-05-09 23:53:01 - [TEST_STEP][PASSED] - verifyElementText: Actual text and expected text of test object 'Object Repository/AddToCarts/td_Papaya' are matched.

2018-05-09 23:53:01 - [MESSAGE][PASSED] - Actual text and expected text of test object 'Object Repository/AddToCarts/td_Papaya' are matched.

2018-05-09 23:53:01 - [TEST_STEP][PASSED] - verifyElementText: Actual text and expected text of test object 'Object Repository/AddToCarts/td_Rambutan' are matched.

2018-05-09 23:53:01 - [MESSAGE][PASSED] - Actual text and expected text of test object 'Object Repository/AddToCarts/td_Rambutan' are matched.

2018-05-09 23:53:01 - [TEST_STEP][PASSED] - closeBrowser: Browser is closed

2018-05-09 23:53:02 - [MESSAGE][PASSED] - Browser is closed]]></system-out>
         <system-err><![CDATA[]]></system-err>
      </testcase>
      <system-out><![CDATA[2018-05-09 23:51:54 - [TEST_SUITE][PASSED] - TestH: Test Cases/TestH]]></system-out>
      <system-err><![CDATA[]]></system-err>
   </testsuite>
</testsuites>
