<?xml version="1.0" encoding="UTF-8"?>
<testsuites name="TestD" time="51" tests="3" failures="0" errors="0">
   <testsuite name="TestD" tests="3" failures="0" errors="0" time="51" timestamp="2018-05-10 11:27:50" hostname="Administrator - 10.80.109.39" id="Test Suites/TestD">
      <properties>
         <property name="deviceName" value=""/>
         <property name="devicePlatform" value=""/>
         <property name="logFolder" value="F:\\234project-backend\\234project\\Reports\\TestD\\20180510_112749"/>
         <property name="logFiles" value="F:\\234project-backend\\234project\\Reports\\TestD\\20180510_112749\\execution0.log"/>
         <property name="attachments" value=""/>
         <property name="hostName" value="Administrator - 10.80.109.39"/>
         <property name="os" value="Windows 10 64bit"/>
         <property name="katalonVersion" value="5.4.1.1"/>
         <property name="browser" value="Chrome 62.0.3202.94"/>
         <property name="hostAddress" value="10.80.109.39"/>
         <property name="sessionId" value="56565a6c48176d32a05a4ce1f08e80c2"/>
         <property name="seleniumVersion" value="3.7.1"/>
         <property name="proxyInformation" value="ProxyInformation{proxyOption=NO_PROXY, proxyServerType=HTTP, password=, proxyServerAddress=, proxyServerPort=0}"/>
         <property name="platform" value="Windows 10"/>
      </properties>
      <testcase name="Test Cases/TestD" classname="Test Cases/TestD" status="PASSED">
         <system-out><![CDATA[2018-05-10 11:27:51 - [TEST_CASE][PASSED] - Test Cases/TestD: Test Cases/TestD

2018-05-10 11:27:52 - [TEST_STEP][PASSED] - openBrowser: Browser is opened with url: ''

2018-05-10 11:27:58 - [MESSAGE][PASSED] - Browser is opened with url: ''

2018-05-10 11:27:58 - [TEST_STEP][PASSED] - navigateToUrl: Navigate to 'http://54.245.190.238:9998/' successfully

2018-05-10 11:28:07 - [MESSAGE][PASSED] - Navigate to 'http://54.245.190.238:9998/' successfully

2018-05-10 11:28:07 - [TEST_STEP][PASSED] - setText: Text 'user1' is set on object 'Object Repository/ShowErrorMessageOfInputWrong/input_username'

2018-05-10 11:28:07 - [MESSAGE][PASSED] - Text 'user1' is set on object 'Object Repository/ShowErrorMessageOfInputWrong/input_username'

2018-05-10 11:28:07 - [TEST_STEP][PASSED] - setText: Text 'admin' is set on object 'Object Repository/ShowErrorMessageOfInputWrong/input_password'

2018-05-10 11:28:07 - [MESSAGE][PASSED] - Text 'admin' is set on object 'Object Repository/ShowErrorMessageOfInputWrong/input_password'

2018-05-10 11:28:07 - [TEST_STEP][PASSED] - click: Object: 'Object Repository/ShowErrorMessageOfInputWrong/button_Login' is clicked on

2018-05-10 11:28:08 - [MESSAGE][PASSED] - Object: 'Object Repository/ShowErrorMessageOfInputWrong/button_Login' is clicked on

2018-05-10 11:28:08 - [TEST_STEP][PASSED] - verifyElementText: Actual text and expected text of test object 'Object Repository/ShowErrorMessageOfInputWrong/label_Usernamepassword is inco' are matched.

2018-05-10 11:28:09 - [MESSAGE][PASSED] - Actual text and expected text of test object 'Object Repository/ShowErrorMessageOfInputWrong/label_Usernamepassword is inco' are matched.

2018-05-10 11:28:09 - [TEST_STEP][PASSED] - setText: Text 'admin' is set on object 'Object Repository/ShowErrorMessageOfInputWrong/input_username'

2018-05-10 11:28:09 - [MESSAGE][PASSED] - Text 'admin' is set on object 'Object Repository/ShowErrorMessageOfInputWrong/input_username'

2018-05-10 11:28:09 - [TEST_STEP][PASSED] - setText: Text '1234' is set on object 'Object Repository/ShowErrorMessageOfInputWrong/input_password'

2018-05-10 11:28:09 - [MESSAGE][PASSED] - Text '1234' is set on object 'Object Repository/ShowErrorMessageOfInputWrong/input_password'

2018-05-10 11:28:09 - [TEST_STEP][PASSED] - click: Object: 'Object Repository/ShowErrorMessageOfInputWrong/button_Login' is clicked on

2018-05-10 11:28:09 - [MESSAGE][PASSED] - Object: 'Object Repository/ShowErrorMessageOfInputWrong/button_Login' is clicked on

2018-05-10 11:28:09 - [TEST_STEP][PASSED] - verifyElementText: Actual text and expected text of test object 'Object Repository/ShowErrorMessageOfInputWrong/label_Usernamepassword is inco' are matched.

2018-05-10 11:28:09 - [MESSAGE][PASSED] - Actual text and expected text of test object 'Object Repository/ShowErrorMessageOfInputWrong/label_Usernamepassword is inco' are matched.

2018-05-10 11:28:09 - [TEST_STEP][PASSED] - closeBrowser: Browser is closed

2018-05-10 11:28:11 - [MESSAGE][PASSED] - Browser is closed]]></system-out>
         <system-err><![CDATA[]]></system-err>
      </testcase>
      <testcase name="Test Cases/TestD" classname="Test Cases/TestD" status="PASSED">
         <system-out><![CDATA[2018-05-10 11:28:11 - [TEST_CASE][PASSED] - Test Cases/TestD: Test Cases/TestD

2018-05-10 11:28:11 - [TEST_STEP][PASSED] - openBrowser: Browser is opened with url: ''

2018-05-10 11:28:14 - [MESSAGE][PASSED] - Browser is opened with url: ''

2018-05-10 11:28:14 - [TEST_STEP][PASSED] - navigateToUrl: Navigate to 'http://54.245.190.238:9998/' successfully

2018-05-10 11:28:23 - [MESSAGE][PASSED] - Navigate to 'http://54.245.190.238:9998/' successfully

2018-05-10 11:28:23 - [TEST_STEP][PASSED] - setText: Text 'user1' is set on object 'Object Repository/ShowErrorMessageOfInputWrong/input_username'

2018-05-10 11:28:23 - [MESSAGE][PASSED] - Text 'user1' is set on object 'Object Repository/ShowErrorMessageOfInputWrong/input_username'

2018-05-10 11:28:23 - [TEST_STEP][PASSED] - setText: Text 'user' is set on object 'Object Repository/ShowErrorMessageOfInputWrong/input_password'

2018-05-10 11:28:23 - [MESSAGE][PASSED] - Text 'user' is set on object 'Object Repository/ShowErrorMessageOfInputWrong/input_password'

2018-05-10 11:28:23 - [TEST_STEP][PASSED] - click: Object: 'Object Repository/ShowErrorMessageOfInputWrong/button_Login' is clicked on

2018-05-10 11:28:24 - [MESSAGE][PASSED] - Object: 'Object Repository/ShowErrorMessageOfInputWrong/button_Login' is clicked on

2018-05-10 11:28:24 - [TEST_STEP][PASSED] - verifyElementText: Actual text and expected text of test object 'Object Repository/ShowErrorMessageOfInputWrong/label_Usernamepassword is inco' are matched.

2018-05-10 11:28:25 - [MESSAGE][PASSED] - Actual text and expected text of test object 'Object Repository/ShowErrorMessageOfInputWrong/label_Usernamepassword is inco' are matched.

2018-05-10 11:28:25 - [TEST_STEP][PASSED] - setText: Text 'user' is set on object 'Object Repository/ShowErrorMessageOfInputWrong/input_username'

2018-05-10 11:28:25 - [MESSAGE][PASSED] - Text 'user' is set on object 'Object Repository/ShowErrorMessageOfInputWrong/input_username'

2018-05-10 11:28:25 - [TEST_STEP][PASSED] - setText: Text '1234' is set on object 'Object Repository/ShowErrorMessageOfInputWrong/input_password'

2018-05-10 11:28:25 - [MESSAGE][PASSED] - Text '1234' is set on object 'Object Repository/ShowErrorMessageOfInputWrong/input_password'

2018-05-10 11:28:25 - [TEST_STEP][PASSED] - click: Object: 'Object Repository/ShowErrorMessageOfInputWrong/button_Login' is clicked on

2018-05-10 11:28:25 - [MESSAGE][PASSED] - Object: 'Object Repository/ShowErrorMessageOfInputWrong/button_Login' is clicked on

2018-05-10 11:28:25 - [TEST_STEP][PASSED] - verifyElementText: Actual text and expected text of test object 'Object Repository/ShowErrorMessageOfInputWrong/label_Usernamepassword is inco' are matched.

2018-05-10 11:28:25 - [MESSAGE][PASSED] - Actual text and expected text of test object 'Object Repository/ShowErrorMessageOfInputWrong/label_Usernamepassword is inco' are matched.

2018-05-10 11:28:25 - [TEST_STEP][PASSED] - closeBrowser: Browser is closed

2018-05-10 11:28:26 - [MESSAGE][PASSED] - Browser is closed]]></system-out>
         <system-err><![CDATA[]]></system-err>
      </testcase>
      <testcase name="Test Cases/TestD" classname="Test Cases/TestD" status="PASSED">
         <system-out><![CDATA[2018-05-10 11:28:26 - [TEST_CASE][PASSED] - Test Cases/TestD: Test Cases/TestD

2018-05-10 11:28:26 - [TEST_STEP][PASSED] - openBrowser: Browser is opened with url: ''

2018-05-10 11:28:30 - [MESSAGE][PASSED] - Browser is opened with url: ''

2018-05-10 11:28:30 - [TEST_STEP][PASSED] - navigateToUrl: Navigate to 'http://54.245.190.238:9998/' successfully

2018-05-10 11:28:38 - [MESSAGE][PASSED] - Navigate to 'http://54.245.190.238:9998/' successfully

2018-05-10 11:28:38 - [TEST_STEP][PASSED] - setText: Text 'user1' is set on object 'Object Repository/ShowErrorMessageOfInputWrong/input_username'

2018-05-10 11:28:38 - [MESSAGE][PASSED] - Text 'user1' is set on object 'Object Repository/ShowErrorMessageOfInputWrong/input_username'

2018-05-10 11:28:38 - [TEST_STEP][PASSED] - setText: Text 'hello' is set on object 'Object Repository/ShowErrorMessageOfInputWrong/input_password'

2018-05-10 11:28:38 - [MESSAGE][PASSED] - Text 'hello' is set on object 'Object Repository/ShowErrorMessageOfInputWrong/input_password'

2018-05-10 11:28:38 - [TEST_STEP][PASSED] - click: Object: 'Object Repository/ShowErrorMessageOfInputWrong/button_Login' is clicked on

2018-05-10 11:28:39 - [MESSAGE][PASSED] - Object: 'Object Repository/ShowErrorMessageOfInputWrong/button_Login' is clicked on

2018-05-10 11:28:39 - [TEST_STEP][PASSED] - verifyElementText: Actual text and expected text of test object 'Object Repository/ShowErrorMessageOfInputWrong/label_Usernamepassword is inco' are matched.

2018-05-10 11:28:40 - [MESSAGE][PASSED] - Actual text and expected text of test object 'Object Repository/ShowErrorMessageOfInputWrong/label_Usernamepassword is inco' are matched.

2018-05-10 11:28:40 - [TEST_STEP][PASSED] - setText: Text 'hello' is set on object 'Object Repository/ShowErrorMessageOfInputWrong/input_username'

2018-05-10 11:28:40 - [MESSAGE][PASSED] - Text 'hello' is set on object 'Object Repository/ShowErrorMessageOfInputWrong/input_username'

2018-05-10 11:28:40 - [TEST_STEP][PASSED] - setText: Text '1234' is set on object 'Object Repository/ShowErrorMessageOfInputWrong/input_password'

2018-05-10 11:28:40 - [MESSAGE][PASSED] - Text '1234' is set on object 'Object Repository/ShowErrorMessageOfInputWrong/input_password'

2018-05-10 11:28:40 - [TEST_STEP][PASSED] - click: Object: 'Object Repository/ShowErrorMessageOfInputWrong/button_Login' is clicked on

2018-05-10 11:28:40 - [MESSAGE][PASSED] - Object: 'Object Repository/ShowErrorMessageOfInputWrong/button_Login' is clicked on

2018-05-10 11:28:40 - [TEST_STEP][PASSED] - verifyElementText: Actual text and expected text of test object 'Object Repository/ShowErrorMessageOfInputWrong/label_Usernamepassword is inco' are matched.

2018-05-10 11:28:40 - [MESSAGE][PASSED] - Actual text and expected text of test object 'Object Repository/ShowErrorMessageOfInputWrong/label_Usernamepassword is inco' are matched.

2018-05-10 11:28:40 - [TEST_STEP][PASSED] - closeBrowser: Browser is closed

2018-05-10 11:28:42 - [MESSAGE][PASSED] - Browser is closed]]></system-out>
         <system-err><![CDATA[]]></system-err>
      </testcase>
      <system-out><![CDATA[2018-05-10 11:27:50 - [TEST_SUITE][PASSED] - TestD: Test Cases/TestD]]></system-out>
      <system-err><![CDATA[]]></system-err>
   </testsuite>
</testsuites>
