<?xml version="1.0" encoding="UTF-8"?>
<testsuites name="TestJ" time="42" tests="3" failures="0" errors="0">
   <testsuite name="TestJ" tests="3" failures="0" errors="0" time="42" timestamp="2018-05-10 13:07:38" hostname="Administrator - 10.80.109.39" id="Test Suites/TestJ">
      <properties>
         <property name="deviceName" value=""/>
         <property name="devicePlatform" value=""/>
         <property name="logFolder" value="F:\\234project-backend\\234project\\Reports\\TestJ\\20180510_130737"/>
         <property name="logFiles" value="F:\\234project-backend\\234project\\Reports\\TestJ\\20180510_130737\\execution0.log"/>
         <property name="attachments" value=""/>
         <property name="hostName" value="Administrator - 10.80.109.39"/>
         <property name="os" value="Windows 10 64bit"/>
         <property name="katalonVersion" value="5.4.1.1"/>
         <property name="browser" value="Chrome 62.0.3202.94"/>
         <property name="hostAddress" value="10.80.109.39"/>
         <property name="sessionId" value="86b63d382c0bb1608d28fc94a8402780"/>
         <property name="seleniumVersion" value="3.7.1"/>
         <property name="proxyInformation" value="ProxyInformation{proxyOption=NO_PROXY, proxyServerType=HTTP, password=, proxyServerAddress=, proxyServerPort=0}"/>
         <property name="platform" value="Windows 10"/>
      </properties>
      <testcase name="Test Cases/TestJ" classname="Test Cases/TestJ" status="PASSED">
         <system-out><![CDATA[2018-05-10 13:07:39 - [TEST_CASE][PASSED] - Test Cases/TestJ: Test Cases/TestJ

2018-05-10 13:07:39 - [TEST_STEP][PASSED] - openBrowser: Browser is opened with url: ''

2018-05-10 13:07:44 - [MESSAGE][PASSED] - Browser is opened with url: ''

2018-05-10 13:07:44 - [TEST_STEP][PASSED] - navigateToUrl: Navigate to 'http://54.245.190.238:9998/' successfully

2018-05-10 13:07:53 - [MESSAGE][PASSED] - Navigate to 'http://54.245.190.238:9998/' successfully

2018-05-10 13:07:53 - [TEST_STEP][PASSED] - setText: Text 'admin' is set on object 'Object Repository/Logout/input_username'

2018-05-10 13:07:54 - [MESSAGE][PASSED] - Text 'admin' is set on object 'Object Repository/Logout/input_username'

2018-05-10 13:07:54 - [TEST_STEP][PASSED] - setText: Text 'admin' is set on object 'Object Repository/Logout/input_password'

2018-05-10 13:07:54 - [MESSAGE][PASSED] - Text 'admin' is set on object 'Object Repository/Logout/input_password'

2018-05-10 13:07:54 - [TEST_STEP][PASSED] - click: Object: 'Object Repository/Logout/button_Login' is clicked on

2018-05-10 13:07:54 - [MESSAGE][PASSED] - Object: 'Object Repository/Logout/button_Login' is clicked on

2018-05-10 13:07:54 - [TEST_STEP][PASSED] - click: Object: 'Object Repository/Logout/button_Logout' is clicked on

2018-05-10 13:07:55 - [MESSAGE][PASSED] - Object: 'Object Repository/Logout/button_Logout' is clicked on

2018-05-10 13:07:55 - [TEST_STEP][PASSED] - verifyElementText: Actual text and expected text of test object 'Object Repository/Logout/h2_Login' are matched.

2018-05-10 13:07:55 - [MESSAGE][PASSED] - Actual text and expected text of test object 'Object Repository/Logout/h2_Login' are matched.

2018-05-10 13:07:55 - [TEST_STEP][PASSED] - closeBrowser: Browser is closed

2018-05-10 13:07:56 - [MESSAGE][PASSED] - Browser is closed]]></system-out>
         <system-err><![CDATA[]]></system-err>
      </testcase>
      <testcase name="Test Cases/TestJ" classname="Test Cases/TestJ" status="PASSED">
         <system-out><![CDATA[2018-05-10 13:07:56 - [TEST_CASE][PASSED] - Test Cases/TestJ: Test Cases/TestJ

2018-05-10 13:07:57 - [TEST_STEP][PASSED] - openBrowser: Browser is opened with url: ''

2018-05-10 13:07:59 - [MESSAGE][PASSED] - Browser is opened with url: ''

2018-05-10 13:07:59 - [TEST_STEP][PASSED] - navigateToUrl: Navigate to 'http://54.245.190.238:9998/' successfully

2018-05-10 13:08:07 - [MESSAGE][PASSED] - Navigate to 'http://54.245.190.238:9998/' successfully

2018-05-10 13:08:07 - [TEST_STEP][PASSED] - setText: Text 'user' is set on object 'Object Repository/Logout/input_username'

2018-05-10 13:08:07 - [MESSAGE][PASSED] - Text 'user' is set on object 'Object Repository/Logout/input_username'

2018-05-10 13:08:07 - [TEST_STEP][PASSED] - setText: Text 'user' is set on object 'Object Repository/Logout/input_password'

2018-05-10 13:08:07 - [MESSAGE][PASSED] - Text 'user' is set on object 'Object Repository/Logout/input_password'

2018-05-10 13:08:07 - [TEST_STEP][PASSED] - click: Object: 'Object Repository/Logout/button_Login' is clicked on

2018-05-10 13:08:07 - [MESSAGE][PASSED] - Object: 'Object Repository/Logout/button_Login' is clicked on

2018-05-10 13:08:07 - [TEST_STEP][PASSED] - click: Object: 'Object Repository/Logout/button_Logout' is clicked on

2018-05-10 13:08:08 - [MESSAGE][PASSED] - Object: 'Object Repository/Logout/button_Logout' is clicked on

2018-05-10 13:08:08 - [TEST_STEP][PASSED] - verifyElementText: Actual text and expected text of test object 'Object Repository/Logout/h2_Login' are matched.

2018-05-10 13:08:08 - [MESSAGE][PASSED] - Actual text and expected text of test object 'Object Repository/Logout/h2_Login' are matched.

2018-05-10 13:08:08 - [TEST_STEP][PASSED] - closeBrowser: Browser is closed

2018-05-10 13:08:09 - [MESSAGE][PASSED] - Browser is closed]]></system-out>
         <system-err><![CDATA[]]></system-err>
      </testcase>
      <testcase name="Test Cases/TestJ" classname="Test Cases/TestJ" status="PASSED">
         <system-out><![CDATA[2018-05-10 13:08:09 - [TEST_CASE][PASSED] - Test Cases/TestJ: Test Cases/TestJ

2018-05-10 13:08:09 - [TEST_STEP][PASSED] - openBrowser: Browser is opened with url: ''

2018-05-10 13:08:12 - [MESSAGE][PASSED] - Browser is opened with url: ''

2018-05-10 13:08:12 - [TEST_STEP][PASSED] - navigateToUrl: Navigate to 'http://54.245.190.238:9998/' successfully

2018-05-10 13:08:18 - [MESSAGE][PASSED] - Navigate to 'http://54.245.190.238:9998/' successfully

2018-05-10 13:08:18 - [TEST_STEP][PASSED] - setText: Text 'hello' is set on object 'Object Repository/Logout/input_username'

2018-05-10 13:08:18 - [MESSAGE][PASSED] - Text 'hello' is set on object 'Object Repository/Logout/input_username'

2018-05-10 13:08:18 - [TEST_STEP][PASSED] - setText: Text 'hello' is set on object 'Object Repository/Logout/input_password'

2018-05-10 13:08:18 - [MESSAGE][PASSED] - Text 'hello' is set on object 'Object Repository/Logout/input_password'

2018-05-10 13:08:18 - [TEST_STEP][PASSED] - click: Object: 'Object Repository/Logout/button_Login' is clicked on

2018-05-10 13:08:18 - [MESSAGE][PASSED] - Object: 'Object Repository/Logout/button_Login' is clicked on

2018-05-10 13:08:18 - [TEST_STEP][PASSED] - click: Object: 'Object Repository/Logout/button_Logout' is clicked on

2018-05-10 13:08:20 - [MESSAGE][PASSED] - Object: 'Object Repository/Logout/button_Logout' is clicked on

2018-05-10 13:08:20 - [TEST_STEP][PASSED] - verifyElementText: Actual text and expected text of test object 'Object Repository/Logout/h2_Login' are matched.

2018-05-10 13:08:20 - [MESSAGE][PASSED] - Actual text and expected text of test object 'Object Repository/Logout/h2_Login' are matched.

2018-05-10 13:08:20 - [TEST_STEP][PASSED] - closeBrowser: Browser is closed

2018-05-10 13:08:21 - [MESSAGE][PASSED] - Browser is closed]]></system-out>
         <system-err><![CDATA[]]></system-err>
      </testcase>
      <system-out><![CDATA[2018-05-10 13:07:38 - [TEST_SUITE][PASSED] - TestJ: Test Cases/TestJ]]></system-out>
      <system-err><![CDATA[]]></system-err>
   </testsuite>
</testsuites>
