<?xml version="1.0" encoding="UTF-8"?>
<testsuites name="TestK" time="38" tests="1" failures="0" errors="0">
   <testsuite name="TestK" tests="1" failures="0" errors="0" time="38" timestamp="2018-05-10 15:30:17" hostname="Administrator - 10.80.109.39" id="Test Suites/TestK">
      <properties>
         <property name="deviceName" value=""/>
         <property name="devicePlatform" value=""/>
         <property name="logFolder" value="F:\\234project-backend\\234project\\Reports\\TestK\\20180510_153011"/>
         <property name="logFiles" value="F:\\234project-backend\\234project\\Reports\\TestK\\20180510_153011\\execution0.log"/>
         <property name="attachments" value=""/>
         <property name="hostName" value="Administrator - 10.80.109.39"/>
         <property name="os" value="Windows 10 64bit"/>
         <property name="katalonVersion" value="5.4.1.1"/>
         <property name="browser" value="Chrome 62.0.3202.94"/>
         <property name="hostAddress" value="10.80.109.39"/>
         <property name="sessionId" value="3a166243f213814d22adc38a7a02642f"/>
         <property name="seleniumVersion" value="3.7.1"/>
         <property name="proxyInformation" value="ProxyInformation{proxyOption=NO_PROXY, proxyServerType=HTTP, password=, proxyServerAddress=, proxyServerPort=0}"/>
         <property name="platform" value="Windows 10"/>
      </properties>
      <testcase name="Test Cases/TestK" classname="Test Cases/TestK" status="PASSED">
         <system-out><![CDATA[2018-05-10 15:30:20 - [TEST_CASE][PASSED] - Test Cases/TestK: Test Cases/TestK

2018-05-10 15:30:21 - [TEST_STEP][PASSED] - openBrowser: Browser is opened with url: ''

2018-05-10 15:30:38 - [MESSAGE][PASSED] - Browser is opened with url: ''

2018-05-10 15:30:38 - [TEST_STEP][PASSED] - navigateToUrl: Navigate to 'http://54.245.190.238:9998/' successfully

2018-05-10 15:30:50 - [MESSAGE][PASSED] - Navigate to 'http://54.245.190.238:9998/' successfully

2018-05-10 15:30:50 - [TEST_STEP][PASSED] - setText: Text 'admin' is set on object 'Object Repository/TotalTransaction/input_username'

2018-05-10 15:30:51 - [MESSAGE][PASSED] - Text 'admin' is set on object 'Object Repository/TotalTransaction/input_username'

2018-05-10 15:30:51 - [TEST_STEP][PASSED] - setText: Text 'admin' is set on object 'Object Repository/TotalTransaction/input_password'

2018-05-10 15:30:51 - [MESSAGE][PASSED] - Text 'admin' is set on object 'Object Repository/TotalTransaction/input_password'

2018-05-10 15:30:51 - [TEST_STEP][PASSED] - click: Object: 'Object Repository/TotalTransaction/button_Login' is clicked on

2018-05-10 15:30:51 - [MESSAGE][PASSED] - Object: 'Object Repository/TotalTransaction/button_Login' is clicked on

2018-05-10 15:30:51 - [TEST_STEP][PASSED] - click: Object: 'Object Repository/TotalTransaction/a_Total Transaction' is clicked on

2018-05-10 15:30:53 - [MESSAGE][PASSED] - Object: 'Object Repository/TotalTransaction/a_Total Transaction' is clicked on

2018-05-10 15:30:53 - [TEST_STEP][PASSED] - verifyElementText: Actual text and expected text of test object 'Object Repository/TotalTransaction/td_Garden Papaya' are matched.

2018-05-10 15:30:53 - [MESSAGE][PASSED] - Actual text and expected text of test object 'Object Repository/TotalTransaction/td_Garden Papaya' are matched.

2018-05-10 15:30:53 - [TEST_STEP][PASSED] - verifyElementText: Actual text and expected text of test object 'Object Repository/TotalTransaction/td_Banana Garden Banana Rambut' are matched.

2018-05-10 15:30:53 - [MESSAGE][PASSED] - Actual text and expected text of test object 'Object Repository/TotalTransaction/td_Banana Garden Banana Rambut' are matched.

2018-05-10 15:30:53 - [TEST_STEP][PASSED] - verifyElementText: Actual text and expected text of test object 'Object Repository/TotalTransaction/td_Garden' are matched.

2018-05-10 15:30:54 - [MESSAGE][PASSED] - Actual text and expected text of test object 'Object Repository/TotalTransaction/td_Garden' are matched.

2018-05-10 15:30:54 - [TEST_STEP][PASSED] - verifyElementText: Actual text and expected text of test object 'Object Repository/TotalTransaction/td_Garden Banana Orange Papaya' are matched.

2018-05-10 15:30:54 - [MESSAGE][PASSED] - Actual text and expected text of test object 'Object Repository/TotalTransaction/td_Garden Banana Orange Papaya' are matched.

2018-05-10 15:30:54 - [TEST_STEP][PASSED] - closeBrowser: Browser is closed

2018-05-10 15:30:55 - [MESSAGE][PASSED] - Browser is closed]]></system-out>
         <system-err><![CDATA[]]></system-err>
      </testcase>
      <system-out><![CDATA[2018-05-10 15:30:17 - [TEST_SUITE][PASSED] - TestK: Test Cases/TestK]]></system-out>
      <system-err><![CDATA[]]></system-err>
   </testsuite>
</testsuites>
