<?xml version="1.0" encoding="UTF-8"?>
<testsuites name="TestE" time="49" tests="3" failures="0" errors="0">
   <testsuite name="TestE" tests="3" failures="0" errors="0" time="49" timestamp="2018-05-10 11:33:12" hostname="Administrator - 10.80.109.39" id="Test Suites/TestE">
      <properties>
         <property name="deviceName" value=""/>
         <property name="devicePlatform" value=""/>
         <property name="logFolder" value="F:\\234project-backend\\234project\\Reports\\TestE\\20180510_113310"/>
         <property name="logFiles" value="F:\\234project-backend\\234project\\Reports\\TestE\\20180510_113310\\execution0.log"/>
         <property name="attachments" value=""/>
         <property name="hostName" value="Administrator - 10.80.109.39"/>
         <property name="os" value="Windows 10 64bit"/>
         <property name="katalonVersion" value="5.4.1.1"/>
         <property name="browser" value="Chrome 62.0.3202.94"/>
         <property name="hostAddress" value="10.80.109.39"/>
         <property name="sessionId" value="af85c430d831c9df0ec8a918b3c28583"/>
         <property name="seleniumVersion" value="3.7.1"/>
         <property name="proxyInformation" value="ProxyInformation{proxyOption=NO_PROXY, proxyServerType=HTTP, password=, proxyServerAddress=, proxyServerPort=0}"/>
         <property name="platform" value="Windows 10"/>
      </properties>
      <testcase name="Test Cases/TestE" classname="Test Cases/TestE" status="PASSED">
         <system-out><![CDATA[2018-05-10 11:33:12 - [TEST_CASE][PASSED] - Test Cases/TestE: Test Cases/TestE

2018-05-10 11:33:13 - [TEST_STEP][PASSED] - openBrowser: Browser is opened with url: ''

2018-05-10 11:33:19 - [MESSAGE][PASSED] - Browser is opened with url: ''

2018-05-10 11:33:19 - [TEST_STEP][PASSED] - navigateToUrl: Navigate to 'http://54.245.190.238:9998/' successfully

2018-05-10 11:33:31 - [MESSAGE][PASSED] - Navigate to 'http://54.245.190.238:9998/' successfully

2018-05-10 11:33:31 - [TEST_STEP][PASSED] - setText: Text 'admin' is set on object 'Object Repository/EmptyOfUsername/input_password'

2018-05-10 11:33:32 - [MESSAGE][PASSED] - Text 'admin' is set on object 'Object Repository/EmptyOfUsername/input_password'

2018-05-10 11:33:32 - [TEST_STEP][PASSED] - click: Object: 'Object Repository/EmptyOfUsername/button_Login' is clicked on

2018-05-10 11:33:32 - [MESSAGE][PASSED] - Object: 'Object Repository/EmptyOfUsername/button_Login' is clicked on

2018-05-10 11:33:32 - [TEST_STEP][PASSED] - verifyElementText: Actual text and expected text of test object 'Object Repository/EmptyOfUsername/label_Username is required' are matched.

2018-05-10 11:33:32 - [MESSAGE][PASSED] - Actual text and expected text of test object 'Object Repository/EmptyOfUsername/label_Username is required' are matched.

2018-05-10 11:33:32 - [TEST_STEP][PASSED] - closeBrowser: Browser is closed

2018-05-10 11:33:33 - [MESSAGE][PASSED] - Browser is closed]]></system-out>
         <system-err><![CDATA[]]></system-err>
      </testcase>
      <testcase name="Test Cases/TestE" classname="Test Cases/TestE" status="PASSED">
         <system-out><![CDATA[2018-05-10 11:33:33 - [TEST_CASE][PASSED] - Test Cases/TestE: Test Cases/TestE

2018-05-10 11:33:34 - [TEST_STEP][PASSED] - openBrowser: Browser is opened with url: ''

2018-05-10 11:33:37 - [MESSAGE][PASSED] - Browser is opened with url: ''

2018-05-10 11:33:37 - [TEST_STEP][PASSED] - navigateToUrl: Navigate to 'http://54.245.190.238:9998/' successfully

2018-05-10 11:33:48 - [MESSAGE][PASSED] - Navigate to 'http://54.245.190.238:9998/' successfully

2018-05-10 11:33:48 - [TEST_STEP][PASSED] - setText: Text 'user' is set on object 'Object Repository/EmptyOfUsername/input_password'

2018-05-10 11:33:48 - [MESSAGE][PASSED] - Text 'user' is set on object 'Object Repository/EmptyOfUsername/input_password'

2018-05-10 11:33:48 - [TEST_STEP][PASSED] - click: Object: 'Object Repository/EmptyOfUsername/button_Login' is clicked on

2018-05-10 11:33:48 - [MESSAGE][PASSED] - Object: 'Object Repository/EmptyOfUsername/button_Login' is clicked on

2018-05-10 11:33:48 - [TEST_STEP][PASSED] - verifyElementText: Actual text and expected text of test object 'Object Repository/EmptyOfUsername/label_Username is required' are matched.

2018-05-10 11:33:49 - [MESSAGE][PASSED] - Actual text and expected text of test object 'Object Repository/EmptyOfUsername/label_Username is required' are matched.

2018-05-10 11:33:49 - [TEST_STEP][PASSED] - closeBrowser: Browser is closed

2018-05-10 11:33:50 - [MESSAGE][PASSED] - Browser is closed]]></system-out>
         <system-err><![CDATA[]]></system-err>
      </testcase>
      <testcase name="Test Cases/TestE" classname="Test Cases/TestE" status="PASSED">
         <system-out><![CDATA[2018-05-10 11:33:50 - [TEST_CASE][PASSED] - Test Cases/TestE: Test Cases/TestE

2018-05-10 11:33:50 - [TEST_STEP][PASSED] - openBrowser: Browser is opened with url: ''

2018-05-10 11:33:53 - [MESSAGE][PASSED] - Browser is opened with url: ''

2018-05-10 11:33:53 - [TEST_STEP][PASSED] - navigateToUrl: Navigate to 'http://54.245.190.238:9998/' successfully

2018-05-10 11:34:00 - [MESSAGE][PASSED] - Navigate to 'http://54.245.190.238:9998/' successfully

2018-05-10 11:34:00 - [TEST_STEP][PASSED] - setText: Text 'hello' is set on object 'Object Repository/EmptyOfUsername/input_password'

2018-05-10 11:34:00 - [MESSAGE][PASSED] - Text 'hello' is set on object 'Object Repository/EmptyOfUsername/input_password'

2018-05-10 11:34:00 - [TEST_STEP][PASSED] - click: Object: 'Object Repository/EmptyOfUsername/button_Login' is clicked on

2018-05-10 11:34:00 - [MESSAGE][PASSED] - Object: 'Object Repository/EmptyOfUsername/button_Login' is clicked on

2018-05-10 11:34:00 - [TEST_STEP][PASSED] - verifyElementText: Actual text and expected text of test object 'Object Repository/EmptyOfUsername/label_Username is required' are matched.

2018-05-10 11:34:00 - [MESSAGE][PASSED] - Actual text and expected text of test object 'Object Repository/EmptyOfUsername/label_Username is required' are matched.

2018-05-10 11:34:00 - [TEST_STEP][PASSED] - closeBrowser: Browser is closed

2018-05-10 11:34:02 - [MESSAGE][PASSED] - Browser is closed]]></system-out>
         <system-err><![CDATA[]]></system-err>
      </testcase>
      <system-out><![CDATA[2018-05-10 11:33:12 - [TEST_SUITE][PASSED] - TestE: Test Cases/TestE]]></system-out>
      <system-err><![CDATA[]]></system-err>
   </testsuite>
</testsuites>
