<?xml version="1.0" encoding="UTF-8"?>
<testsuites name="TestB" time="21" tests="1" failures="0" errors="0">
   <testsuite name="TestB" tests="1" failures="0" errors="0" time="21" timestamp="2018-05-10 11:17:38" hostname="Administrator - 10.80.109.39" id="Test Suites/TestB">
      <properties>
         <property name="deviceName" value=""/>
         <property name="devicePlatform" value=""/>
         <property name="logFolder" value="F:\\234project-backend\\234project\\Reports\\TestB\\20180510_111737"/>
         <property name="logFiles" value="F:\\234project-backend\\234project\\Reports\\TestB\\20180510_111737\\execution0.log"/>
         <property name="attachments" value=""/>
         <property name="hostName" value="Administrator - 10.80.109.39"/>
         <property name="os" value="Windows 10 64bit"/>
         <property name="katalonVersion" value="5.4.1.1"/>
         <property name="browser" value="Chrome 62.0.3202.94"/>
         <property name="hostAddress" value="10.80.109.39"/>
         <property name="sessionId" value="46c93aee730aec835f04df7842759aca"/>
         <property name="seleniumVersion" value="3.7.1"/>
         <property name="proxyInformation" value="ProxyInformation{proxyOption=NO_PROXY, proxyServerType=HTTP, password=, proxyServerAddress=, proxyServerPort=0}"/>
         <property name="platform" value="Windows 10"/>
      </properties>
      <testcase name="Test Cases/TestB" classname="Test Cases/TestB" status="PASSED">
         <system-out><![CDATA[2018-05-10 11:17:39 - [TEST_CASE][PASSED] - Test Cases/TestB: Test Cases/TestB

2018-05-10 11:17:40 - [TEST_STEP][PASSED] - openBrowser: Browser is opened with url: ''

2018-05-10 11:17:47 - [MESSAGE][PASSED] - Browser is opened with url: ''

2018-05-10 11:17:47 - [TEST_STEP][PASSED] - navigateToUrl: Navigate to 'http://54.245.190.238:9998/' successfully

2018-05-10 11:17:56 - [MESSAGE][PASSED] - Navigate to 'http://54.245.190.238:9998/' successfully

2018-05-10 11:17:56 - [TEST_STEP][PASSED] - setText: Text 'admin' is set on object 'Object Repository/ShowAdminPage/input_username'

2018-05-10 11:17:57 - [MESSAGE][PASSED] - Text 'admin' is set on object 'Object Repository/ShowAdminPage/input_username'

2018-05-10 11:17:57 - [TEST_STEP][PASSED] - setText: Text 'admin' is set on object 'Object Repository/ShowAdminPage/input_password'

2018-05-10 11:17:57 - [MESSAGE][PASSED] - Text 'admin' is set on object 'Object Repository/ShowAdminPage/input_password'

2018-05-10 11:17:57 - [TEST_STEP][PASSED] - click: Object: 'Object Repository/ShowAdminPage/button_Login' is clicked on

2018-05-10 11:17:57 - [MESSAGE][PASSED] - Object: 'Object Repository/ShowAdminPage/button_Login' is clicked on

2018-05-10 11:17:57 - [TEST_STEP][PASSED] - verifyElementClickable: Object 'Object Repository/ShowAdminPage/a_Products' is clickable

2018-05-10 11:17:58 - [MESSAGE][PASSED] - Object 'Object Repository/ShowAdminPage/a_Products' is clickable

2018-05-10 11:17:58 - [TEST_STEP][PASSED] - verifyElementClickable: Object 'Object Repository/ShowAdminPage/a_Total Transaction' is clickable

2018-05-10 11:17:58 - [MESSAGE][PASSED] - Object 'Object Repository/ShowAdminPage/a_Total Transaction' is clickable

2018-05-10 11:17:58 - [TEST_STEP][PASSED] - closeBrowser: Browser is closed

2018-05-10 11:18:00 - [MESSAGE][PASSED] - Browser is closed]]></system-out>
         <system-err><![CDATA[]]></system-err>
      </testcase>
      <system-out><![CDATA[2018-05-10 11:17:38 - [TEST_SUITE][PASSED] - TestB: Test Cases/TestB]]></system-out>
      <system-err><![CDATA[]]></system-err>
   </testsuite>
</testsuites>
