<?xml version="1.0" encoding="UTF-8"?>
<testsuites name="TestB" time="53" tests="0" failures="1" errors="0">
   <testsuite name="TestB" tests="0" failures="1" errors="0" time="53" timestamp="2018-05-10 11:05:27" hostname="Administrator - 10.80.109.39" id="Test Suites/TestB">
      <properties>
         <property name="deviceName" value=""/>
         <property name="devicePlatform" value=""/>
         <property name="logFolder" value="F:\\234project-backend\\234project\\Reports\\TestB\\20180510_110525"/>
         <property name="logFiles" value="F:\\234project-backend\\234project\\Reports\\TestB\\20180510_110525\\execution0.log"/>
         <property name="attachments" value="F:\\234project-backend\\234project\\Reports\\TestB\\20180510_110525\\1525925179131.png, F:\\234project-backend\\234project\\Reports\\TestB\\20180510_110525\\1525925179479.png"/>
         <property name="hostName" value="Administrator - 10.80.109.39"/>
         <property name="os" value="Windows 10 64bit"/>
         <property name="katalonVersion" value="5.4.1.1"/>
         <property name="browser" value="Chrome 62.0.3202.94"/>
         <property name="hostAddress" value="10.80.109.39"/>
         <property name="sessionId" value="e94d600b667bd555821c075992279318"/>
         <property name="seleniumVersion" value="3.7.1"/>
         <property name="proxyInformation" value="ProxyInformation{proxyOption=NO_PROXY, proxyServerType=HTTP, password=, proxyServerAddress=, proxyServerPort=0}"/>
         <property name="platform" value="Windows 10"/>
      </properties>
      <testcase name="Test Cases/TestB" classname="Test Cases/TestB" status="FAILED">
         <failure type="FAILED" message="Unable to verify object 'Object Repository/ShowAdminPage/a_Total Transaction' to be clickable (Root cause: Web element with id: 'Object Repository/ShowAdminPage/a_Total Transaction' located by 'By.xpath: //a[@href = '/total' and (text() = 'Total Transaction' or . = 'Total Transaction')]' not found)"/>
         <system-out><![CDATA[2018-05-10 11:05:28 - [TEST_CASE][FAILED] - Test Cases/TestB: Test Cases/TestB FAILED because (of) Unable to verify object 'Object Repository/ShowAdminPage/a_Total Transaction' to be clickable (Root cause: Web element with id: 'Object Repository/ShowAdminPage/a_Total Transaction' located by 'By.xpath: //a[@href = '/total' and (text() = 'Total Transaction' or . = 'Total Transaction')]' not found)

2018-05-10 11:05:29 - [TEST_STEP][PASSED] - openBrowser: Browser is opened with url: ''

2018-05-10 11:05:35 - [MESSAGE][PASSED] - Browser is opened with url: ''

2018-05-10 11:05:35 - [TEST_STEP][PASSED] - navigateToUrl: Navigate to 'http://54.245.190.238:9998/' successfully

2018-05-10 11:05:45 - [MESSAGE][PASSED] - Navigate to 'http://54.245.190.238:9998/' successfully

2018-05-10 11:05:45 - [TEST_STEP][PASSED] - setText: Text 'user' is set on object 'Object Repository/ShowAdminPage/input_username'

2018-05-10 11:05:45 - [MESSAGE][PASSED] - Text 'user' is set on object 'Object Repository/ShowAdminPage/input_username'

2018-05-10 11:05:45 - [TEST_STEP][PASSED] - setText: Text 'user' is set on object 'Object Repository/ShowAdminPage/input_password'

2018-05-10 11:05:45 - [MESSAGE][PASSED] - Text 'user' is set on object 'Object Repository/ShowAdminPage/input_password'

2018-05-10 11:05:45 - [TEST_STEP][PASSED] - click: Object: 'Object Repository/ShowAdminPage/button_Login' is clicked on

2018-05-10 11:05:46 - [MESSAGE][PASSED] - Object: 'Object Repository/ShowAdminPage/button_Login' is clicked on

2018-05-10 11:05:46 - [TEST_STEP][PASSED] - verifyElementClickable: Object 'Object Repository/ShowAdminPage/a_Products' is clickable

2018-05-10 11:05:47 - [MESSAGE][PASSED] - Object 'Object Repository/ShowAdminPage/a_Products' is clickable

2018-05-10 11:05:47 - [TEST_STEP][FAILED] - verifyElementClickable: Unable to verify object 'Object Repository/ShowAdminPage/a_Total Transaction' to be clickable (Root cause: Web element with id: 'Object Repository/ShowAdminPage/a_Total Transaction' located by 'By.xpath: //a[@href = '/total' and (text() = 'Total Transaction' or . = 'Total Transaction')]' not found)

2018-05-10 11:06:19 - [MESSAGE][FAILED] - Web element with id: 'Object Repository/ShowAdminPage/a_Total Transaction' located by 'By.xpath: //a[@href = '/total' and (text() = 'Total Transaction' or . = 'Total Transaction')]' not found
[[ATTACHMENT|F:\\234project-backend\\234project\\Reports\\TestB\\20180510_110525\\1525925179131.png]]

2018-05-10 11:06:19 - [MESSAGE][FAILED] - Unable to verify object 'Object Repository/ShowAdminPage/a_Total Transaction' to be clickable (Root cause: Web element with id: 'Object Repository/ShowAdminPage/a_Total Transaction' located by 'By.xpath: //a[@href = '/total' and (text() = 'Total Transaction' or . = 'Total Transaction')]' not found)
[[ATTACHMENT|F:\\234project-backend\\234project\\Reports\\TestB\\20180510_110525\\1525925179479.png]]]]></system-out>
         <system-err><![CDATA[2018-05-10 11:05:28 - [TEST_CASE][FAILED] - Test Cases/TestB: Test Cases/TestB FAILED because (of) Unable to verify object 'Object Repository/ShowAdminPage/a_Total Transaction' to be clickable (Root cause: Web element with id: 'Object Repository/ShowAdminPage/a_Total Transaction' located by 'By.xpath: //a[@href = '/total' and (text() = 'Total Transaction' or . = 'Total Transaction')]' not found)]]></system-err>
      </testcase>
      <system-out><![CDATA[2018-05-10 11:05:27 - [TEST_SUITE][FAILED] - TestB: Test Cases/TestB FAILED because (of) Unable to verify object 'Object Repository/ShowAdminPage/a_Total Transaction' to be clickable (Root cause: Web element with id: 'Object Repository/ShowAdminPage/a_Total Transaction' located by 'By.xpath: //a[@href = '/total' and (text() = 'Total Transaction' or . = 'Total Transaction')]' not found)]]></system-out>
      <system-err><![CDATA[2018-05-10 11:05:27 - [TEST_SUITE][FAILED] - TestB: Test Cases/TestB FAILED because (of) Unable to verify object 'Object Repository/ShowAdminPage/a_Total Transaction' to be clickable (Root cause: Web element with id: 'Object Repository/ShowAdminPage/a_Total Transaction' located by 'By.xpath: //a[@href = '/total' and (text() = 'Total Transaction' or . = 'Total Transaction')]' not found)]]></system-err>
   </testsuite>
</testsuites>
