<?xml version="1.0" encoding="UTF-8"?>
<testsuites name="TestE" time="96" tests="3" failures="0" errors="0">
   <testsuite name="TestE" tests="3" failures="0" errors="0" time="96" timestamp="2018-05-09 22:48:22" hostname="Administrator - USER-20170218VE" id="Test Suites/TestE">
      <properties>
         <property name="deviceName" value=""/>
         <property name="devicePlatform" value=""/>
         <property name="logFolder" value="F:\\234project-backend\\234project\\Reports\\TestE\\20180509_224812"/>
         <property name="logFiles" value="F:\\234project-backend\\234project\\Reports\\TestE\\20180509_224812\\execution0.log"/>
         <property name="attachments" value=""/>
         <property name="hostName" value="Administrator - USER-20170218VE"/>
         <property name="os" value="Windows 10 64bit"/>
         <property name="katalonVersion" value="5.4.1.1"/>
         <property name="browser" value="Chrome 62.0.3202.94"/>
         <property name="hostAddress" value="192.168.0.103"/>
         <property name="sessionId" value="0e30b43a7ceb0b9a08528a4832ea0c03"/>
         <property name="seleniumVersion" value="3.7.1"/>
         <property name="proxyInformation" value="ProxyInformation{proxyOption=NO_PROXY, proxyServerType=HTTP, password=, proxyServerAddress=, proxyServerPort=0}"/>
         <property name="platform" value="Windows 10"/>
      </properties>
      <testcase name="Test Cases/TestE" classname="Test Cases/TestE" status="PASSED">
         <system-out><![CDATA[2018-05-09 22:48:23 - [TEST_CASE][PASSED] - Test Cases/TestE: Test Cases/TestE

2018-05-09 22:48:23 - [TEST_STEP][PASSED] - openBrowser: Browser is opened with url: ''

2018-05-09 22:48:39 - [MESSAGE][PASSED] - Browser is opened with url: ''

2018-05-09 22:48:39 - [TEST_STEP][PASSED] - navigateToUrl: Navigate to 'http://54.245.190.238:9998/' successfully

2018-05-09 22:48:52 - [MESSAGE][PASSED] - Navigate to 'http://54.245.190.238:9998/' successfully

2018-05-09 22:48:52 - [TEST_STEP][PASSED] - setText: Text 'user' is set on object 'Object Repository/EmptyOfUsername/input_password'

2018-05-09 22:49:03 - [MESSAGE][PASSED] - Text 'user' is set on object 'Object Repository/EmptyOfUsername/input_password'

2018-05-09 22:49:03 - [TEST_STEP][PASSED] - click: Object: 'Object Repository/EmptyOfUsername/button_Login' is clicked on

2018-05-09 22:49:04 - [MESSAGE][PASSED] - Object: 'Object Repository/EmptyOfUsername/button_Login' is clicked on

2018-05-09 22:49:04 - [TEST_STEP][PASSED] - verifyElementText: Actual text and expected text of test object 'Object Repository/EmptyOfUsername/label_Username is required' are matched.

2018-05-09 22:49:05 - [MESSAGE][PASSED] - Actual text and expected text of test object 'Object Repository/EmptyOfUsername/label_Username is required' are matched.

2018-05-09 22:49:05 - [TEST_STEP][PASSED] - closeBrowser: Browser is closed

2018-05-09 22:49:06 - [MESSAGE][PASSED] - Browser is closed]]></system-out>
         <system-err><![CDATA[]]></system-err>
      </testcase>
      <testcase name="Test Cases/TestE" classname="Test Cases/TestE" status="PASSED">
         <system-out><![CDATA[2018-05-09 22:49:06 - [TEST_CASE][PASSED] - Test Cases/TestE: Test Cases/TestE

2018-05-09 22:49:06 - [TEST_STEP][PASSED] - openBrowser: Browser is opened with url: ''

2018-05-09 22:49:17 - [MESSAGE][PASSED] - Browser is opened with url: ''

2018-05-09 22:49:17 - [TEST_STEP][PASSED] - navigateToUrl: Navigate to 'http://54.245.190.238:9998/' successfully

2018-05-09 22:49:23 - [MESSAGE][PASSED] - Navigate to 'http://54.245.190.238:9998/' successfully

2018-05-09 22:49:23 - [TEST_STEP][PASSED] - setText: Text 'user' is set on object 'Object Repository/EmptyOfUsername/input_password'

2018-05-09 22:49:23 - [MESSAGE][PASSED] - Text 'user' is set on object 'Object Repository/EmptyOfUsername/input_password'

2018-05-09 22:49:23 - [TEST_STEP][PASSED] - click: Object: 'Object Repository/EmptyOfUsername/button_Login' is clicked on

2018-05-09 22:49:24 - [MESSAGE][PASSED] - Object: 'Object Repository/EmptyOfUsername/button_Login' is clicked on

2018-05-09 22:49:24 - [TEST_STEP][PASSED] - verifyElementText: Actual text and expected text of test object 'Object Repository/EmptyOfUsername/label_Username is required' are matched.

2018-05-09 22:49:24 - [MESSAGE][PASSED] - Actual text and expected text of test object 'Object Repository/EmptyOfUsername/label_Username is required' are matched.

2018-05-09 22:49:24 - [TEST_STEP][PASSED] - closeBrowser: Browser is closed

2018-05-09 22:49:25 - [MESSAGE][PASSED] - Browser is closed]]></system-out>
         <system-err><![CDATA[]]></system-err>
      </testcase>
      <testcase name="Test Cases/TestE" classname="Test Cases/TestE" status="PASSED">
         <system-out><![CDATA[2018-05-09 22:49:25 - [TEST_CASE][PASSED] - Test Cases/TestE: Test Cases/TestE

2018-05-09 22:49:25 - [TEST_STEP][PASSED] - openBrowser: Browser is opened with url: ''

2018-05-09 22:49:33 - [MESSAGE][PASSED] - Browser is opened with url: ''

2018-05-09 22:49:33 - [TEST_STEP][PASSED] - navigateToUrl: Navigate to 'http://54.245.190.238:9998/' successfully

2018-05-09 22:49:57 - [MESSAGE][PASSED] - Navigate to 'http://54.245.190.238:9998/' successfully

2018-05-09 22:49:57 - [TEST_STEP][PASSED] - setText: Text 'user' is set on object 'Object Repository/EmptyOfUsername/input_password'

2018-05-09 22:49:57 - [MESSAGE][PASSED] - Text 'user' is set on object 'Object Repository/EmptyOfUsername/input_password'

2018-05-09 22:49:57 - [TEST_STEP][PASSED] - click: Object: 'Object Repository/EmptyOfUsername/button_Login' is clicked on

2018-05-09 22:49:57 - [MESSAGE][PASSED] - Object: 'Object Repository/EmptyOfUsername/button_Login' is clicked on

2018-05-09 22:49:57 - [TEST_STEP][PASSED] - verifyElementText: Actual text and expected text of test object 'Object Repository/EmptyOfUsername/label_Username is required' are matched.

2018-05-09 22:49:57 - [MESSAGE][PASSED] - Actual text and expected text of test object 'Object Repository/EmptyOfUsername/label_Username is required' are matched.

2018-05-09 22:49:57 - [TEST_STEP][PASSED] - closeBrowser: Browser is closed

2018-05-09 22:49:58 - [MESSAGE][PASSED] - Browser is closed]]></system-out>
         <system-err><![CDATA[]]></system-err>
      </testcase>
      <system-out><![CDATA[2018-05-09 22:48:22 - [TEST_SUITE][PASSED] - TestE: Test Cases/TestE]]></system-out>
      <system-err><![CDATA[]]></system-err>
   </testsuite>
</testsuites>
