<?xml version="1.0" encoding="UTF-8"?>
<testsuites name="New Test Suite" time="74" tests="3" failures="0" errors="0">
   <testsuite name="New Test Suite" tests="3" failures="0" errors="0" time="74" timestamp="2018-05-09 21:05:41" hostname="Administrator - USER-20170218VE" id="Test Suites/New Test Suite">
      <properties>
         <property name="deviceName" value=""/>
         <property name="devicePlatform" value=""/>
         <property name="logFolder" value="F:\\234project-backend\\234project\\Reports\\New Test Suite\\20180509_210538"/>
         <property name="logFiles" value="F:\\234project-backend\\234project\\Reports\\New Test Suite\\20180509_210538\\execution0.log"/>
         <property name="attachments" value=""/>
         <property name="hostName" value="Administrator - USER-20170218VE"/>
         <property name="os" value="Windows 10 64bit"/>
         <property name="katalonVersion" value="5.4.1.1"/>
         <property name="browser" value="Chrome 62.0.3202.94"/>
         <property name="hostAddress" value="192.168.0.103"/>
         <property name="sessionId" value="43f38fb8214db4d685f8a725afb59c3a"/>
         <property name="seleniumVersion" value="3.7.1"/>
         <property name="proxyInformation" value="ProxyInformation{proxyOption=NO_PROXY, proxyServerType=HTTP, password=, proxyServerAddress=, proxyServerPort=0}"/>
         <property name="platform" value="Windows 10"/>
      </properties>
      <testcase name="Test Cases/TestB" classname="Test Cases/TestB" status="PASSED">
         <system-out><![CDATA[2018-05-09 21:05:41 - [TEST_CASE][PASSED] - Test Cases/TestB: Test Cases/TestB

2018-05-09 21:05:42 - [TEST_STEP][PASSED] - openBrowser: Browser is opened with url: ''

2018-05-09 21:06:03 - [MESSAGE][PASSED] - Browser is opened with url: ''

2018-05-09 21:06:03 - [TEST_STEP][PASSED] - navigateToUrl: Navigate to 'http://54.245.190.238:9998/' successfully

2018-05-09 21:06:12 - [MESSAGE][PASSED] - Navigate to 'http://54.245.190.238:9998/' successfully

2018-05-09 21:06:12 - [TEST_STEP][PASSED] - setText: Text 'admin' is set on object 'Object Repository/ShowAdminPage/input_username'

2018-05-09 21:06:13 - [MESSAGE][PASSED] - Text 'admin' is set on object 'Object Repository/ShowAdminPage/input_username'

2018-05-09 21:06:13 - [TEST_STEP][PASSED] - setText: Text 'admin' is set on object 'Object Repository/ShowAdminPage/input_password'

2018-05-09 21:06:14 - [MESSAGE][PASSED] - Text 'admin' is set on object 'Object Repository/ShowAdminPage/input_password'

2018-05-09 21:06:14 - [TEST_STEP][PASSED] - click: Object: 'Object Repository/ShowAdminPage/button_Login' is clicked on

2018-05-09 21:06:16 - [MESSAGE][PASSED] - Object: 'Object Repository/ShowAdminPage/button_Login' is clicked on

2018-05-09 21:06:16 - [TEST_STEP][PASSED] - verifyElementClickable: Object 'Object Repository/ShowAdminPage/a_Products' is clickable

2018-05-09 21:06:17 - [MESSAGE][PASSED] - Object 'Object Repository/ShowAdminPage/a_Products' is clickable

2018-05-09 21:06:17 - [TEST_STEP][PASSED] - verifyElementClickable: Object 'Object Repository/ShowAdminPage/a_Total Transaction' is clickable

2018-05-09 21:06:17 - [MESSAGE][PASSED] - Object 'Object Repository/ShowAdminPage/a_Total Transaction' is clickable

2018-05-09 21:06:17 - [TEST_STEP][PASSED] - closeBrowser: Browser is closed

2018-05-09 21:06:18 - [MESSAGE][PASSED] - Browser is closed]]></system-out>
         <system-err><![CDATA[]]></system-err>
      </testcase>
      <testcase name="Test Cases/TestB" classname="Test Cases/TestB" status="PASSED">
         <system-out><![CDATA[2018-05-09 21:06:18 - [TEST_CASE][PASSED] - Test Cases/TestB: Test Cases/TestB

2018-05-09 21:06:18 - [TEST_STEP][PASSED] - openBrowser: Browser is opened with url: ''

2018-05-09 21:06:23 - [MESSAGE][PASSED] - Browser is opened with url: ''

2018-05-09 21:06:23 - [TEST_STEP][PASSED] - navigateToUrl: Navigate to 'http://54.245.190.238:9998/' successfully

2018-05-09 21:06:34 - [MESSAGE][PASSED] - Navigate to 'http://54.245.190.238:9998/' successfully

2018-05-09 21:06:34 - [TEST_STEP][PASSED] - setText: Text 'admin' is set on object 'Object Repository/ShowAdminPage/input_username'

2018-05-09 21:06:34 - [MESSAGE][PASSED] - Text 'admin' is set on object 'Object Repository/ShowAdminPage/input_username'

2018-05-09 21:06:34 - [TEST_STEP][PASSED] - setText: Text 'admin' is set on object 'Object Repository/ShowAdminPage/input_password'

2018-05-09 21:06:35 - [MESSAGE][PASSED] - Text 'admin' is set on object 'Object Repository/ShowAdminPage/input_password'

2018-05-09 21:06:35 - [TEST_STEP][PASSED] - click: Object: 'Object Repository/ShowAdminPage/button_Login' is clicked on

2018-05-09 21:06:35 - [MESSAGE][PASSED] - Object: 'Object Repository/ShowAdminPage/button_Login' is clicked on

2018-05-09 21:06:35 - [TEST_STEP][PASSED] - verifyElementClickable: Object 'Object Repository/ShowAdminPage/a_Products' is clickable

2018-05-09 21:06:36 - [MESSAGE][PASSED] - Object 'Object Repository/ShowAdminPage/a_Products' is clickable

2018-05-09 21:06:36 - [TEST_STEP][PASSED] - verifyElementClickable: Object 'Object Repository/ShowAdminPage/a_Total Transaction' is clickable

2018-05-09 21:06:38 - [MESSAGE][PASSED] - Object 'Object Repository/ShowAdminPage/a_Total Transaction' is clickable

2018-05-09 21:06:38 - [TEST_STEP][PASSED] - closeBrowser: Browser is closed

2018-05-09 21:06:39 - [MESSAGE][PASSED] - Browser is closed]]></system-out>
         <system-err><![CDATA[]]></system-err>
      </testcase>
      <testcase name="Test Cases/TestB" classname="Test Cases/TestB" status="PASSED">
         <system-out><![CDATA[2018-05-09 21:06:39 - [TEST_CASE][PASSED] - Test Cases/TestB: Test Cases/TestB

2018-05-09 21:06:39 - [TEST_STEP][PASSED] - openBrowser: Browser is opened with url: ''

2018-05-09 21:06:42 - [MESSAGE][PASSED] - Browser is opened with url: ''

2018-05-09 21:06:42 - [TEST_STEP][PASSED] - navigateToUrl: Navigate to 'http://54.245.190.238:9998/' successfully

2018-05-09 21:06:51 - [MESSAGE][PASSED] - Navigate to 'http://54.245.190.238:9998/' successfully

2018-05-09 21:06:51 - [TEST_STEP][PASSED] - setText: Text 'admin' is set on object 'Object Repository/ShowAdminPage/input_username'

2018-05-09 21:06:52 - [MESSAGE][PASSED] - Text 'admin' is set on object 'Object Repository/ShowAdminPage/input_username'

2018-05-09 21:06:52 - [TEST_STEP][PASSED] - setText: Text 'admin' is set on object 'Object Repository/ShowAdminPage/input_password'

2018-05-09 21:06:52 - [MESSAGE][PASSED] - Text 'admin' is set on object 'Object Repository/ShowAdminPage/input_password'

2018-05-09 21:06:52 - [TEST_STEP][PASSED] - click: Object: 'Object Repository/ShowAdminPage/button_Login' is clicked on

2018-05-09 21:06:53 - [MESSAGE][PASSED] - Object: 'Object Repository/ShowAdminPage/button_Login' is clicked on

2018-05-09 21:06:53 - [TEST_STEP][PASSED] - verifyElementClickable: Object 'Object Repository/ShowAdminPage/a_Products' is clickable

2018-05-09 21:06:54 - [MESSAGE][PASSED] - Object 'Object Repository/ShowAdminPage/a_Products' is clickable

2018-05-09 21:06:54 - [TEST_STEP][PASSED] - verifyElementClickable: Object 'Object Repository/ShowAdminPage/a_Total Transaction' is clickable

2018-05-09 21:06:54 - [MESSAGE][PASSED] - Object 'Object Repository/ShowAdminPage/a_Total Transaction' is clickable

2018-05-09 21:06:54 - [TEST_STEP][PASSED] - closeBrowser: Browser is closed

2018-05-09 21:06:55 - [MESSAGE][PASSED] - Browser is closed]]></system-out>
         <system-err><![CDATA[]]></system-err>
      </testcase>
      <system-out><![CDATA[2018-05-09 21:05:41 - [TEST_SUITE][PASSED] - New Test Suite: Test Cases/TestB]]></system-out>
      <system-err><![CDATA[]]></system-err>
   </testsuite>
</testsuites>
