<?xml version="1.0" encoding="UTF-8"?>
<testsuites name="TestJ" time="72" tests="3" failures="0" errors="0">
   <testsuite name="TestJ" tests="3" failures="0" errors="0" time="72" timestamp="2018-05-10 01:38:33" hostname="Administrator - USER-20170218VE" id="Test Suites/TestJ">
      <properties>
         <property name="deviceName" value=""/>
         <property name="devicePlatform" value=""/>
         <property name="logFolder" value="F:\\234project-backend\\234project\\Reports\\TestJ\\20180510_013831"/>
         <property name="logFiles" value="F:\\234project-backend\\234project\\Reports\\TestJ\\20180510_013831\\execution0.log"/>
         <property name="attachments" value=""/>
         <property name="hostName" value="Administrator - USER-20170218VE"/>
         <property name="os" value="Windows 10 64bit"/>
         <property name="katalonVersion" value="5.4.1.1"/>
         <property name="browser" value="Chrome 62.0.3202.94"/>
         <property name="hostAddress" value="192.168.0.103"/>
         <property name="sessionId" value="e312df057483e50055df950384165237"/>
         <property name="seleniumVersion" value="3.7.1"/>
         <property name="proxyInformation" value="ProxyInformation{proxyOption=NO_PROXY, proxyServerType=HTTP, password=, proxyServerAddress=, proxyServerPort=0}"/>
         <property name="platform" value="Windows 10"/>
      </properties>
      <testcase name="Test Cases/TestJ" classname="Test Cases/TestJ" status="PASSED">
         <system-out><![CDATA[2018-05-10 01:38:34 - [TEST_CASE][PASSED] - Test Cases/TestJ: Test Cases/TestJ

2018-05-10 01:38:34 - [TEST_STEP][PASSED] - openBrowser: Browser is opened with url: ''

2018-05-10 01:38:44 - [MESSAGE][PASSED] - Browser is opened with url: ''

2018-05-10 01:38:44 - [TEST_STEP][PASSED] - navigateToUrl: Navigate to 'http://54.245.190.238:9998/' successfully

2018-05-10 01:38:56 - [MESSAGE][PASSED] - Navigate to 'http://54.245.190.238:9998/' successfully

2018-05-10 01:38:56 - [TEST_STEP][PASSED] - setText: Text 'user' is set on object 'Object Repository/Logout/input_username'

2018-05-10 01:38:57 - [MESSAGE][PASSED] - Text 'user' is set on object 'Object Repository/Logout/input_username'

2018-05-10 01:38:57 - [TEST_STEP][PASSED] - setText: Text 'user' is set on object 'Object Repository/Logout/input_password'

2018-05-10 01:38:58 - [MESSAGE][PASSED] - Text 'user' is set on object 'Object Repository/Logout/input_password'

2018-05-10 01:38:58 - [TEST_STEP][PASSED] - click: Object: 'Object Repository/Logout/button_Login' is clicked on

2018-05-10 01:38:58 - [MESSAGE][PASSED] - Object: 'Object Repository/Logout/button_Login' is clicked on

2018-05-10 01:38:58 - [TEST_STEP][PASSED] - click: Object: 'Object Repository/Logout/button_Logout' is clicked on

2018-05-10 01:38:59 - [MESSAGE][PASSED] - Object: 'Object Repository/Logout/button_Logout' is clicked on

2018-05-10 01:38:59 - [TEST_STEP][PASSED] - verifyElementText: Actual text and expected text of test object 'Object Repository/Logout/h2_Login' are matched.

2018-05-10 01:38:59 - [MESSAGE][PASSED] - Actual text and expected text of test object 'Object Repository/Logout/h2_Login' are matched.

2018-05-10 01:38:59 - [TEST_STEP][PASSED] - closeBrowser: Browser is closed

2018-05-10 01:39:00 - [MESSAGE][PASSED] - Browser is closed]]></system-out>
         <system-err><![CDATA[]]></system-err>
      </testcase>
      <testcase name="Test Cases/TestJ" classname="Test Cases/TestJ" status="PASSED">
         <system-out><![CDATA[2018-05-10 01:39:00 - [TEST_CASE][PASSED] - Test Cases/TestJ: Test Cases/TestJ

2018-05-10 01:39:00 - [TEST_STEP][PASSED] - openBrowser: Browser is opened with url: ''

2018-05-10 01:39:06 - [MESSAGE][PASSED] - Browser is opened with url: ''

2018-05-10 01:39:06 - [TEST_STEP][PASSED] - navigateToUrl: Navigate to 'http://54.245.190.238:9998/' successfully

2018-05-10 01:39:19 - [MESSAGE][PASSED] - Navigate to 'http://54.245.190.238:9998/' successfully

2018-05-10 01:39:19 - [TEST_STEP][PASSED] - setText: Text 'user' is set on object 'Object Repository/Logout/input_username'

2018-05-10 01:39:19 - [MESSAGE][PASSED] - Text 'user' is set on object 'Object Repository/Logout/input_username'

2018-05-10 01:39:19 - [TEST_STEP][PASSED] - setText: Text 'user' is set on object 'Object Repository/Logout/input_password'

2018-05-10 01:39:19 - [MESSAGE][PASSED] - Text 'user' is set on object 'Object Repository/Logout/input_password'

2018-05-10 01:39:19 - [TEST_STEP][PASSED] - click: Object: 'Object Repository/Logout/button_Login' is clicked on

2018-05-10 01:39:19 - [MESSAGE][PASSED] - Object: 'Object Repository/Logout/button_Login' is clicked on

2018-05-10 01:39:19 - [TEST_STEP][PASSED] - click: Object: 'Object Repository/Logout/button_Logout' is clicked on

2018-05-10 01:39:21 - [MESSAGE][PASSED] - Object: 'Object Repository/Logout/button_Logout' is clicked on

2018-05-10 01:39:21 - [TEST_STEP][PASSED] - verifyElementText: Actual text and expected text of test object 'Object Repository/Logout/h2_Login' are matched.

2018-05-10 01:39:21 - [MESSAGE][PASSED] - Actual text and expected text of test object 'Object Repository/Logout/h2_Login' are matched.

2018-05-10 01:39:21 - [TEST_STEP][PASSED] - closeBrowser: Browser is closed

2018-05-10 01:39:22 - [MESSAGE][PASSED] - Browser is closed]]></system-out>
         <system-err><![CDATA[]]></system-err>
      </testcase>
      <testcase name="Test Cases/TestJ" classname="Test Cases/TestJ" status="PASSED">
         <system-out><![CDATA[2018-05-10 01:39:22 - [TEST_CASE][PASSED] - Test Cases/TestJ: Test Cases/TestJ

2018-05-10 01:39:22 - [TEST_STEP][PASSED] - openBrowser: Browser is opened with url: ''

2018-05-10 01:39:27 - [MESSAGE][PASSED] - Browser is opened with url: ''

2018-05-10 01:39:27 - [TEST_STEP][PASSED] - navigateToUrl: Navigate to 'http://54.245.190.238:9998/' successfully

2018-05-10 01:39:43 - [MESSAGE][PASSED] - Navigate to 'http://54.245.190.238:9998/' successfully

2018-05-10 01:39:43 - [TEST_STEP][PASSED] - setText: Text 'user' is set on object 'Object Repository/Logout/input_username'

2018-05-10 01:39:43 - [MESSAGE][PASSED] - Text 'user' is set on object 'Object Repository/Logout/input_username'

2018-05-10 01:39:43 - [TEST_STEP][PASSED] - setText: Text 'user' is set on object 'Object Repository/Logout/input_password'

2018-05-10 01:39:43 - [MESSAGE][PASSED] - Text 'user' is set on object 'Object Repository/Logout/input_password'

2018-05-10 01:39:43 - [TEST_STEP][PASSED] - click: Object: 'Object Repository/Logout/button_Login' is clicked on

2018-05-10 01:39:43 - [MESSAGE][PASSED] - Object: 'Object Repository/Logout/button_Login' is clicked on

2018-05-10 01:39:43 - [TEST_STEP][PASSED] - click: Object: 'Object Repository/Logout/button_Logout' is clicked on

2018-05-10 01:39:44 - [MESSAGE][PASSED] - Object: 'Object Repository/Logout/button_Logout' is clicked on

2018-05-10 01:39:44 - [TEST_STEP][PASSED] - verifyElementText: Actual text and expected text of test object 'Object Repository/Logout/h2_Login' are matched.

2018-05-10 01:39:45 - [MESSAGE][PASSED] - Actual text and expected text of test object 'Object Repository/Logout/h2_Login' are matched.

2018-05-10 01:39:45 - [TEST_STEP][PASSED] - closeBrowser: Browser is closed

2018-05-10 01:39:46 - [MESSAGE][PASSED] - Browser is closed]]></system-out>
         <system-err><![CDATA[]]></system-err>
      </testcase>
      <system-out><![CDATA[2018-05-10 01:38:33 - [TEST_SUITE][PASSED] - TestJ: Test Cases/TestJ]]></system-out>
      <system-err><![CDATA[]]></system-err>
   </testsuite>
</testsuites>
