<?xml version="1.0" encoding="UTF-8"?>
<testsuites name="TestI" time="38" tests="2" failures="0" errors="0">
   <testsuite name="TestI" tests="2" failures="0" errors="0" time="38" timestamp="2018-05-10 13:04:36" hostname="Administrator - 10.80.109.39" id="Test Suites/TestI">
      <properties>
         <property name="deviceName" value=""/>
         <property name="devicePlatform" value=""/>
         <property name="logFolder" value="F:\\234project-backend\\234project\\Reports\\TestI\\20180510_130435"/>
         <property name="logFiles" value="F:\\234project-backend\\234project\\Reports\\TestI\\20180510_130435\\execution0.log"/>
         <property name="attachments" value=""/>
         <property name="hostName" value="Administrator - 10.80.109.39"/>
         <property name="os" value="Windows 10 64bit"/>
         <property name="katalonVersion" value="5.4.1.1"/>
         <property name="browser" value="Chrome 62.0.3202.94"/>
         <property name="hostAddress" value="10.80.109.39"/>
         <property name="sessionId" value="1244ec831fe99b73d2d1a5a1b51068af"/>
         <property name="seleniumVersion" value="3.7.1"/>
         <property name="proxyInformation" value="ProxyInformation{proxyOption=NO_PROXY, proxyServerType=HTTP, password=, proxyServerAddress=, proxyServerPort=0}"/>
         <property name="platform" value="Windows 10"/>
      </properties>
      <testcase name="Test Cases/TestI" classname="Test Cases/TestI" status="PASSED">
         <system-out><![CDATA[2018-05-10 13:04:37 - [TEST_CASE][PASSED] - Test Cases/TestI: Test Cases/TestI

2018-05-10 13:04:37 - [TEST_STEP][PASSED] - openBrowser: Browser is opened with url: ''

2018-05-10 13:04:42 - [MESSAGE][PASSED] - Browser is opened with url: ''

2018-05-10 13:04:42 - [TEST_STEP][PASSED] - navigateToUrl: Navigate to 'http://54.245.190.238:9998/' successfully

2018-05-10 13:04:51 - [MESSAGE][PASSED] - Navigate to 'http://54.245.190.238:9998/' successfully

2018-05-10 13:04:51 - [TEST_STEP][PASSED] - setText: Text 'user' is set on object 'Object Repository/ChangeAmountAndConfirm/input_username'

2018-05-10 13:04:52 - [MESSAGE][PASSED] - Text 'user' is set on object 'Object Repository/ChangeAmountAndConfirm/input_username'

2018-05-10 13:04:52 - [TEST_STEP][PASSED] - setText: Text 'user' is set on object 'Object Repository/ChangeAmountAndConfirm/input_password'

2018-05-10 13:04:52 - [MESSAGE][PASSED] - Text 'user' is set on object 'Object Repository/ChangeAmountAndConfirm/input_password'

2018-05-10 13:04:52 - [TEST_STEP][PASSED] - click: Object: 'Object Repository/ChangeAmountAndConfirm/button_Login' is clicked on

2018-05-10 13:04:52 - [MESSAGE][PASSED] - Object: 'Object Repository/ChangeAmountAndConfirm/button_Login' is clicked on

2018-05-10 13:04:52 - [TEST_STEP][PASSED] - click: Object: 'Object Repository/ChangeAmountAndConfirm/button_add to cart' is clicked on

2018-05-10 13:04:53 - [MESSAGE][PASSED] - Object: 'Object Repository/ChangeAmountAndConfirm/button_add to cart' is clicked on

2018-05-10 13:04:53 - [TEST_STEP][PASSED] - click: Object: 'Object Repository/ChangeAmountAndConfirm/button_add to cart' is clicked on

2018-05-10 13:04:53 - [MESSAGE][PASSED] - Object: 'Object Repository/ChangeAmountAndConfirm/button_add to cart' is clicked on

2018-05-10 13:04:53 - [TEST_STEP][PASSED] - click: Object: 'Object Repository/ChangeAmountAndConfirm/button_add to cart' is clicked on

2018-05-10 13:04:54 - [MESSAGE][PASSED] - Object: 'Object Repository/ChangeAmountAndConfirm/button_add to cart' is clicked on

2018-05-10 13:04:54 - [TEST_STEP][PASSED] - click: Object: 'Object Repository/ChangeAmountAndConfirm/button_add to cart' is clicked on

2018-05-10 13:04:54 - [MESSAGE][PASSED] - Object: 'Object Repository/ChangeAmountAndConfirm/button_add to cart' is clicked on

2018-05-10 13:04:54 - [TEST_STEP][PASSED] - click: Object: 'Object Repository/ChangeAmountAndConfirm/button_add to cart' is clicked on

2018-05-10 13:04:54 - [MESSAGE][PASSED] - Object: 'Object Repository/ChangeAmountAndConfirm/button_add to cart' is clicked on

2018-05-10 13:04:54 - [TEST_STEP][PASSED] - click: Object: 'Object Repository/ChangeAmountAndConfirm/a_Carts            5' is clicked on

2018-05-10 13:04:54 - [MESSAGE][PASSED] - Object: 'Object Repository/ChangeAmountAndConfirm/a_Carts            5' is clicked on

2018-05-10 13:04:54 - [TEST_STEP][PASSED] - verifyElementText: Actual text and expected text of test object 'Object Repository/ChangeAmountAndConfirm/td_Garden' are matched.

2018-05-10 13:04:55 - [MESSAGE][PASSED] - Actual text and expected text of test object 'Object Repository/ChangeAmountAndConfirm/td_Garden' are matched.

2018-05-10 13:04:55 - [TEST_STEP][PASSED] - verifyElementText: Actual text and expected text of test object 'Object Repository/ChangeAmountAndConfirm/td_Banana' are matched.

2018-05-10 13:04:55 - [MESSAGE][PASSED] - Actual text and expected text of test object 'Object Repository/ChangeAmountAndConfirm/td_Banana' are matched.

2018-05-10 13:04:55 - [TEST_STEP][PASSED] - verifyElementText: Actual text and expected text of test object 'Object Repository/ChangeAmountAndConfirm/td_Orange' are matched.

2018-05-10 13:04:55 - [MESSAGE][PASSED] - Actual text and expected text of test object 'Object Repository/ChangeAmountAndConfirm/td_Orange' are matched.

2018-05-10 13:04:55 - [TEST_STEP][PASSED] - verifyElementText: Actual text and expected text of test object 'Object Repository/ChangeAmountAndConfirm/td_Papaya' are matched.

2018-05-10 13:04:55 - [MESSAGE][PASSED] - Actual text and expected text of test object 'Object Repository/ChangeAmountAndConfirm/td_Papaya' are matched.

2018-05-10 13:04:55 - [TEST_STEP][PASSED] - verifyElementText: Actual text and expected text of test object 'Object Repository/ChangeAmountAndConfirm/td_Rambutan' are matched.

2018-05-10 13:04:55 - [MESSAGE][PASSED] - Actual text and expected text of test object 'Object Repository/ChangeAmountAndConfirm/td_Rambutan' are matched.

2018-05-10 13:04:55 - [TEST_STEP][PASSED] - setText: Text '2' is set on object 'Object Repository/ChangeAmountAndConfirm/input_amount'

2018-05-10 13:04:55 - [MESSAGE][PASSED] - Text '2' is set on object 'Object Repository/ChangeAmountAndConfirm/input_amount'

2018-05-10 13:04:55 - [TEST_STEP][PASSED] - click: Object: 'Object Repository/ChangeAmountAndConfirm/button_confirm' is clicked on

2018-05-10 13:04:55 - [MESSAGE][PASSED] - Object: 'Object Repository/ChangeAmountAndConfirm/button_confirm' is clicked on

2018-05-10 13:04:55 - [TEST_STEP][PASSED] - acceptAlert: Alert accepted

2018-05-10 13:04:55 - [MESSAGE][PASSED] - Alert accepted

2018-05-10 13:04:55 - [TEST_STEP][PASSED] - verifyElementText: Actual text and expected text of test object 'Object Repository/ChangeAmountAndConfirm/div_Well done You successfully' are matched.

2018-05-10 13:04:56 - [MESSAGE][PASSED] - Actual text and expected text of test object 'Object Repository/ChangeAmountAndConfirm/div_Well done You successfully' are matched.

2018-05-10 13:04:56 - [TEST_STEP][PASSED] - closeBrowser: Browser is closed

2018-05-10 13:04:57 - [MESSAGE][PASSED] - Browser is closed]]></system-out>
         <system-err><![CDATA[]]></system-err>
      </testcase>
      <testcase name="Test Cases/TestI" classname="Test Cases/TestI" status="PASSED">
         <system-out><![CDATA[2018-05-10 13:04:57 - [TEST_CASE][PASSED] - Test Cases/TestI: Test Cases/TestI

2018-05-10 13:04:57 - [TEST_STEP][PASSED] - openBrowser: Browser is opened with url: ''

2018-05-10 13:05:01 - [MESSAGE][PASSED] - Browser is opened with url: ''

2018-05-10 13:05:01 - [TEST_STEP][PASSED] - navigateToUrl: Navigate to 'http://54.245.190.238:9998/' successfully

2018-05-10 13:05:10 - [MESSAGE][PASSED] - Navigate to 'http://54.245.190.238:9998/' successfully

2018-05-10 13:05:10 - [TEST_STEP][PASSED] - setText: Text 'hello' is set on object 'Object Repository/ChangeAmountAndConfirm/input_username'

2018-05-10 13:05:10 - [MESSAGE][PASSED] - Text 'hello' is set on object 'Object Repository/ChangeAmountAndConfirm/input_username'

2018-05-10 13:05:10 - [TEST_STEP][PASSED] - setText: Text 'hello' is set on object 'Object Repository/ChangeAmountAndConfirm/input_password'

2018-05-10 13:05:11 - [MESSAGE][PASSED] - Text 'hello' is set on object 'Object Repository/ChangeAmountAndConfirm/input_password'

2018-05-10 13:05:11 - [TEST_STEP][PASSED] - click: Object: 'Object Repository/ChangeAmountAndConfirm/button_Login' is clicked on

2018-05-10 13:05:11 - [MESSAGE][PASSED] - Object: 'Object Repository/ChangeAmountAndConfirm/button_Login' is clicked on

2018-05-10 13:05:11 - [TEST_STEP][PASSED] - click: Object: 'Object Repository/ChangeAmountAndConfirm/button_add to cart' is clicked on

2018-05-10 13:05:12 - [MESSAGE][PASSED] - Object: 'Object Repository/ChangeAmountAndConfirm/button_add to cart' is clicked on

2018-05-10 13:05:12 - [TEST_STEP][PASSED] - click: Object: 'Object Repository/ChangeAmountAndConfirm/button_add to cart' is clicked on

2018-05-10 13:05:12 - [MESSAGE][PASSED] - Object: 'Object Repository/ChangeAmountAndConfirm/button_add to cart' is clicked on

2018-05-10 13:05:12 - [TEST_STEP][PASSED] - click: Object: 'Object Repository/ChangeAmountAndConfirm/button_add to cart' is clicked on

2018-05-10 13:05:12 - [MESSAGE][PASSED] - Object: 'Object Repository/ChangeAmountAndConfirm/button_add to cart' is clicked on

2018-05-10 13:05:12 - [TEST_STEP][PASSED] - click: Object: 'Object Repository/ChangeAmountAndConfirm/button_add to cart' is clicked on

2018-05-10 13:05:12 - [MESSAGE][PASSED] - Object: 'Object Repository/ChangeAmountAndConfirm/button_add to cart' is clicked on

2018-05-10 13:05:12 - [TEST_STEP][PASSED] - click: Object: 'Object Repository/ChangeAmountAndConfirm/button_add to cart' is clicked on

2018-05-10 13:05:12 - [MESSAGE][PASSED] - Object: 'Object Repository/ChangeAmountAndConfirm/button_add to cart' is clicked on

2018-05-10 13:05:12 - [TEST_STEP][PASSED] - click: Object: 'Object Repository/ChangeAmountAndConfirm/a_Carts            5' is clicked on

2018-05-10 13:05:13 - [MESSAGE][PASSED] - Object: 'Object Repository/ChangeAmountAndConfirm/a_Carts            5' is clicked on

2018-05-10 13:05:13 - [TEST_STEP][PASSED] - verifyElementText: Actual text and expected text of test object 'Object Repository/ChangeAmountAndConfirm/td_Garden' are matched.

2018-05-10 13:05:13 - [MESSAGE][PASSED] - Actual text and expected text of test object 'Object Repository/ChangeAmountAndConfirm/td_Garden' are matched.

2018-05-10 13:05:13 - [TEST_STEP][PASSED] - verifyElementText: Actual text and expected text of test object 'Object Repository/ChangeAmountAndConfirm/td_Banana' are matched.

2018-05-10 13:05:13 - [MESSAGE][PASSED] - Actual text and expected text of test object 'Object Repository/ChangeAmountAndConfirm/td_Banana' are matched.

2018-05-10 13:05:13 - [TEST_STEP][PASSED] - verifyElementText: Actual text and expected text of test object 'Object Repository/ChangeAmountAndConfirm/td_Orange' are matched.

2018-05-10 13:05:13 - [MESSAGE][PASSED] - Actual text and expected text of test object 'Object Repository/ChangeAmountAndConfirm/td_Orange' are matched.

2018-05-10 13:05:13 - [TEST_STEP][PASSED] - verifyElementText: Actual text and expected text of test object 'Object Repository/ChangeAmountAndConfirm/td_Papaya' are matched.

2018-05-10 13:05:13 - [MESSAGE][PASSED] - Actual text and expected text of test object 'Object Repository/ChangeAmountAndConfirm/td_Papaya' are matched.

2018-05-10 13:05:13 - [TEST_STEP][PASSED] - verifyElementText: Actual text and expected text of test object 'Object Repository/ChangeAmountAndConfirm/td_Rambutan' are matched.

2018-05-10 13:05:13 - [MESSAGE][PASSED] - Actual text and expected text of test object 'Object Repository/ChangeAmountAndConfirm/td_Rambutan' are matched.

2018-05-10 13:05:13 - [TEST_STEP][PASSED] - setText: Text '2' is set on object 'Object Repository/ChangeAmountAndConfirm/input_amount'

2018-05-10 13:05:13 - [MESSAGE][PASSED] - Text '2' is set on object 'Object Repository/ChangeAmountAndConfirm/input_amount'

2018-05-10 13:05:13 - [TEST_STEP][PASSED] - click: Object: 'Object Repository/ChangeAmountAndConfirm/button_confirm' is clicked on

2018-05-10 13:05:13 - [MESSAGE][PASSED] - Object: 'Object Repository/ChangeAmountAndConfirm/button_confirm' is clicked on

2018-05-10 13:05:13 - [TEST_STEP][PASSED] - acceptAlert: Alert accepted

2018-05-10 13:05:13 - [MESSAGE][PASSED] - Alert accepted

2018-05-10 13:05:13 - [TEST_STEP][PASSED] - verifyElementText: Actual text and expected text of test object 'Object Repository/ChangeAmountAndConfirm/div_Well done You successfully' are matched.

2018-05-10 13:05:14 - [MESSAGE][PASSED] - Actual text and expected text of test object 'Object Repository/ChangeAmountAndConfirm/div_Well done You successfully' are matched.

2018-05-10 13:05:14 - [TEST_STEP][PASSED] - closeBrowser: Browser is closed

2018-05-10 13:05:15 - [MESSAGE][PASSED] - Browser is closed]]></system-out>
         <system-err><![CDATA[]]></system-err>
      </testcase>
      <system-out><![CDATA[2018-05-10 13:04:36 - [TEST_SUITE][PASSED] - TestI: Test Cases/TestI]]></system-out>
      <system-err><![CDATA[]]></system-err>
   </testsuite>
</testsuites>
