<?xml version="1.0" encoding="UTF-8"?>
<testsuites name="TestG" time="64" tests="3" failures="0" errors="0">
   <testsuite name="TestG" tests="3" failures="0" errors="0" time="64" timestamp="2018-05-09 23:21:11" hostname="Administrator - USER-20170218VE" id="Test Suites/TestG">
      <properties>
         <property name="deviceName" value=""/>
         <property name="devicePlatform" value=""/>
         <property name="logFolder" value="F:\\234project-backend\\234project\\Reports\\TestG\\20180509_232101"/>
         <property name="logFiles" value="F:\\234project-backend\\234project\\Reports\\TestG\\20180509_232101\\execution0.log"/>
         <property name="attachments" value=""/>
         <property name="hostName" value="Administrator - USER-20170218VE"/>
         <property name="os" value="Windows 10 64bit"/>
         <property name="katalonVersion" value="5.4.1.1"/>
         <property name="browser" value="Chrome 62.0.3202.94"/>
         <property name="hostAddress" value="192.168.0.103"/>
         <property name="sessionId" value="db45a28a2c2926556664eaeeeb4586b7"/>
         <property name="seleniumVersion" value="3.7.1"/>
         <property name="proxyInformation" value="ProxyInformation{proxyOption=NO_PROXY, proxyServerType=HTTP, password=, proxyServerAddress=, proxyServerPort=0}"/>
         <property name="platform" value="Windows 10"/>
      </properties>
      <testcase name="Test Cases/TestG" classname="Test Cases/TestG" status="PASSED">
         <system-out><![CDATA[2018-05-09 23:21:12 - [TEST_CASE][PASSED] - Test Cases/TestG: Test Cases/TestG

2018-05-09 23:21:13 - [TEST_STEP][PASSED] - openBrowser: Browser is opened with url: ''

2018-05-09 23:21:25 - [MESSAGE][PASSED] - Browser is opened with url: ''

2018-05-09 23:21:25 - [TEST_STEP][PASSED] - navigateToUrl: Navigate to 'http://54.245.190.238:9998/' successfully

2018-05-09 23:21:35 - [MESSAGE][PASSED] - Navigate to 'http://54.245.190.238:9998/' successfully

2018-05-09 23:21:35 - [TEST_STEP][PASSED] - setText: Text 'user' is set on object 'Object Repository/ShowAvailableProduct/input_username'

2018-05-09 23:21:36 - [MESSAGE][PASSED] - Text 'user' is set on object 'Object Repository/ShowAvailableProduct/input_username'

2018-05-09 23:21:36 - [TEST_STEP][PASSED] - setText: Text 'user' is set on object 'Object Repository/ShowAvailableProduct/input_password'

2018-05-09 23:21:36 - [MESSAGE][PASSED] - Text 'user' is set on object 'Object Repository/ShowAvailableProduct/input_password'

2018-05-09 23:21:36 - [TEST_STEP][PASSED] - click: Object: 'Object Repository/ShowAvailableProduct/button_Login' is clicked on

2018-05-09 23:21:37 - [MESSAGE][PASSED] - Object: 'Object Repository/ShowAvailableProduct/button_Login' is clicked on

2018-05-09 23:21:37 - [TEST_STEP][PASSED] - verifyElementText: Actual text and expected text of test object 'Object Repository/ShowAvailableProduct/h5_Garden' are matched.

2018-05-09 23:21:40 - [MESSAGE][PASSED] - Actual text and expected text of test object 'Object Repository/ShowAvailableProduct/h5_Garden' are matched.

2018-05-09 23:21:40 - [TEST_STEP][PASSED] - verifyElementText: Actual text and expected text of test object 'Object Repository/ShowAvailableProduct/h5_Banana' are matched.

2018-05-09 23:21:40 - [MESSAGE][PASSED] - Actual text and expected text of test object 'Object Repository/ShowAvailableProduct/h5_Banana' are matched.

2018-05-09 23:21:40 - [TEST_STEP][PASSED] - verifyElementText: Actual text and expected text of test object 'Object Repository/ShowAvailableProduct/h5_Orange' are matched.

2018-05-09 23:21:40 - [MESSAGE][PASSED] - Actual text and expected text of test object 'Object Repository/ShowAvailableProduct/h5_Orange' are matched.

2018-05-09 23:21:40 - [TEST_STEP][PASSED] - verifyElementText: Actual text and expected text of test object 'Object Repository/ShowAvailableProduct/h5_Papaya' are matched.

2018-05-09 23:21:40 - [MESSAGE][PASSED] - Actual text and expected text of test object 'Object Repository/ShowAvailableProduct/h5_Papaya' are matched.

2018-05-09 23:21:40 - [TEST_STEP][PASSED] - verifyElementText: Actual text and expected text of test object 'Object Repository/ShowAvailableProduct/h5_Rambutan' are matched.

2018-05-09 23:21:40 - [MESSAGE][PASSED] - Actual text and expected text of test object 'Object Repository/ShowAvailableProduct/h5_Rambutan' are matched.

2018-05-09 23:21:40 - [TEST_STEP][PASSED] - closeBrowser: Browser is closed

2018-05-09 23:21:41 - [MESSAGE][PASSED] - Browser is closed]]></system-out>
         <system-err><![CDATA[]]></system-err>
      </testcase>
      <testcase name="Test Cases/TestG" classname="Test Cases/TestG" status="PASSED">
         <system-out><![CDATA[2018-05-09 23:21:41 - [TEST_CASE][PASSED] - Test Cases/TestG: Test Cases/TestG

2018-05-09 23:21:41 - [TEST_STEP][PASSED] - openBrowser: Browser is opened with url: ''

2018-05-09 23:21:46 - [MESSAGE][PASSED] - Browser is opened with url: ''

2018-05-09 23:21:46 - [TEST_STEP][PASSED] - navigateToUrl: Navigate to 'http://54.245.190.238:9998/' successfully

2018-05-09 23:21:53 - [MESSAGE][PASSED] - Navigate to 'http://54.245.190.238:9998/' successfully

2018-05-09 23:21:53 - [TEST_STEP][PASSED] - setText: Text 'user' is set on object 'Object Repository/ShowAvailableProduct/input_username'

2018-05-09 23:21:53 - [MESSAGE][PASSED] - Text 'user' is set on object 'Object Repository/ShowAvailableProduct/input_username'

2018-05-09 23:21:53 - [TEST_STEP][PASSED] - setText: Text 'user' is set on object 'Object Repository/ShowAvailableProduct/input_password'

2018-05-09 23:21:53 - [MESSAGE][PASSED] - Text 'user' is set on object 'Object Repository/ShowAvailableProduct/input_password'

2018-05-09 23:21:53 - [TEST_STEP][PASSED] - click: Object: 'Object Repository/ShowAvailableProduct/button_Login' is clicked on

2018-05-09 23:21:54 - [MESSAGE][PASSED] - Object: 'Object Repository/ShowAvailableProduct/button_Login' is clicked on

2018-05-09 23:21:54 - [TEST_STEP][PASSED] - verifyElementText: Actual text and expected text of test object 'Object Repository/ShowAvailableProduct/h5_Garden' are matched.

2018-05-09 23:21:56 - [MESSAGE][PASSED] - Actual text and expected text of test object 'Object Repository/ShowAvailableProduct/h5_Garden' are matched.

2018-05-09 23:21:56 - [TEST_STEP][PASSED] - verifyElementText: Actual text and expected text of test object 'Object Repository/ShowAvailableProduct/h5_Banana' are matched.

2018-05-09 23:21:56 - [MESSAGE][PASSED] - Actual text and expected text of test object 'Object Repository/ShowAvailableProduct/h5_Banana' are matched.

2018-05-09 23:21:56 - [TEST_STEP][PASSED] - verifyElementText: Actual text and expected text of test object 'Object Repository/ShowAvailableProduct/h5_Orange' are matched.

2018-05-09 23:21:56 - [MESSAGE][PASSED] - Actual text and expected text of test object 'Object Repository/ShowAvailableProduct/h5_Orange' are matched.

2018-05-09 23:21:56 - [TEST_STEP][PASSED] - verifyElementText: Actual text and expected text of test object 'Object Repository/ShowAvailableProduct/h5_Papaya' are matched.

2018-05-09 23:21:56 - [MESSAGE][PASSED] - Actual text and expected text of test object 'Object Repository/ShowAvailableProduct/h5_Papaya' are matched.

2018-05-09 23:21:56 - [TEST_STEP][PASSED] - verifyElementText: Actual text and expected text of test object 'Object Repository/ShowAvailableProduct/h5_Rambutan' are matched.

2018-05-09 23:21:56 - [MESSAGE][PASSED] - Actual text and expected text of test object 'Object Repository/ShowAvailableProduct/h5_Rambutan' are matched.

2018-05-09 23:21:56 - [TEST_STEP][PASSED] - closeBrowser: Browser is closed

2018-05-09 23:21:57 - [MESSAGE][PASSED] - Browser is closed]]></system-out>
         <system-err><![CDATA[]]></system-err>
      </testcase>
      <testcase name="Test Cases/TestG" classname="Test Cases/TestG" status="PASSED">
         <system-out><![CDATA[2018-05-09 23:21:57 - [TEST_CASE][PASSED] - Test Cases/TestG: Test Cases/TestG

2018-05-09 23:21:57 - [TEST_STEP][PASSED] - openBrowser: Browser is opened with url: ''

2018-05-09 23:22:02 - [MESSAGE][PASSED] - Browser is opened with url: ''

2018-05-09 23:22:02 - [TEST_STEP][PASSED] - navigateToUrl: Navigate to 'http://54.245.190.238:9998/' successfully

2018-05-09 23:22:12 - [MESSAGE][PASSED] - Navigate to 'http://54.245.190.238:9998/' successfully

2018-05-09 23:22:12 - [TEST_STEP][PASSED] - setText: Text 'user' is set on object 'Object Repository/ShowAvailableProduct/input_username'

2018-05-09 23:22:12 - [MESSAGE][PASSED] - Text 'user' is set on object 'Object Repository/ShowAvailableProduct/input_username'

2018-05-09 23:22:12 - [TEST_STEP][PASSED] - setText: Text 'user' is set on object 'Object Repository/ShowAvailableProduct/input_password'

2018-05-09 23:22:12 - [MESSAGE][PASSED] - Text 'user' is set on object 'Object Repository/ShowAvailableProduct/input_password'

2018-05-09 23:22:12 - [TEST_STEP][PASSED] - click: Object: 'Object Repository/ShowAvailableProduct/button_Login' is clicked on

2018-05-09 23:22:12 - [MESSAGE][PASSED] - Object: 'Object Repository/ShowAvailableProduct/button_Login' is clicked on

2018-05-09 23:22:12 - [TEST_STEP][PASSED] - verifyElementText: Actual text and expected text of test object 'Object Repository/ShowAvailableProduct/h5_Garden' are matched.

2018-05-09 23:22:14 - [MESSAGE][PASSED] - Actual text and expected text of test object 'Object Repository/ShowAvailableProduct/h5_Garden' are matched.

2018-05-09 23:22:14 - [TEST_STEP][PASSED] - verifyElementText: Actual text and expected text of test object 'Object Repository/ShowAvailableProduct/h5_Banana' are matched.

2018-05-09 23:22:14 - [MESSAGE][PASSED] - Actual text and expected text of test object 'Object Repository/ShowAvailableProduct/h5_Banana' are matched.

2018-05-09 23:22:14 - [TEST_STEP][PASSED] - verifyElementText: Actual text and expected text of test object 'Object Repository/ShowAvailableProduct/h5_Orange' are matched.

2018-05-09 23:22:14 - [MESSAGE][PASSED] - Actual text and expected text of test object 'Object Repository/ShowAvailableProduct/h5_Orange' are matched.

2018-05-09 23:22:14 - [TEST_STEP][PASSED] - verifyElementText: Actual text and expected text of test object 'Object Repository/ShowAvailableProduct/h5_Papaya' are matched.

2018-05-09 23:22:15 - [MESSAGE][PASSED] - Actual text and expected text of test object 'Object Repository/ShowAvailableProduct/h5_Papaya' are matched.

2018-05-09 23:22:15 - [TEST_STEP][PASSED] - verifyElementText: Actual text and expected text of test object 'Object Repository/ShowAvailableProduct/h5_Rambutan' are matched.

2018-05-09 23:22:15 - [MESSAGE][PASSED] - Actual text and expected text of test object 'Object Repository/ShowAvailableProduct/h5_Rambutan' are matched.

2018-05-09 23:22:15 - [TEST_STEP][PASSED] - closeBrowser: Browser is closed

2018-05-09 23:22:16 - [MESSAGE][PASSED] - Browser is closed]]></system-out>
         <system-err><![CDATA[]]></system-err>
      </testcase>
      <system-out><![CDATA[2018-05-09 23:21:11 - [TEST_SUITE][PASSED] - TestG: Test Cases/TestG]]></system-out>
      <system-err><![CDATA[]]></system-err>
   </testsuite>
</testsuites>
