<?xml version="1.0" encoding="UTF-8"?>
<testsuites name="TestG" time="202" tests="0" failures="3" errors="0">
   <testsuite name="TestG" tests="0" failures="3" errors="0" time="202" timestamp="2018-05-09 23:16:18" hostname="Administrator - USER-20170218VE" id="Test Suites/TestG">
      <properties>
         <property name="deviceName" value=""/>
         <property name="devicePlatform" value=""/>
         <property name="logFolder" value="F:\\234project-backend\\234project\\Reports\\TestG\\20180509_231609"/>
         <property name="logFiles" value="F:\\234project-backend\\234project\\Reports\\TestG\\20180509_231609\\execution0.log"/>
         <property name="attachments" value="F:\\234project-backend\\234project\\Reports\\TestG\\20180509_231609\\1525882667465.png, F:\\234project-backend\\234project\\Reports\\TestG\\20180509_231609\\1525882732979.png, F:\\234project-backend\\234project\\Reports\\TestG\\20180509_231609\\1525882779126.png"/>
         <property name="hostName" value="Administrator - USER-20170218VE"/>
         <property name="os" value="Windows 10 64bit"/>
         <property name="katalonVersion" value="5.4.1.1"/>
         <property name="browser" value="Chrome 62.0.3202.94"/>
         <property name="hostAddress" value="169.254.96.190"/>
         <property name="sessionId" value="c4039c75f448e66336028a7b6533ae11"/>
         <property name="seleniumVersion" value="3.7.1"/>
         <property name="proxyInformation" value="ProxyInformation{proxyOption=NO_PROXY, proxyServerType=HTTP, password=, proxyServerAddress=, proxyServerPort=0}"/>
         <property name="platform" value="Windows 10"/>
      </properties>
      <testcase name="Test Cases/TestG" classname="Test Cases/TestG" status="FAILED">
         <failure type="FAILED" message="Unable to set text 'user' of object 'Object Repository/ShowAvailableProduct/input_username' (Root cause: com.kms.katalon.core.webui.exception.WebElementNotFoundException: Web element with id: 'Object Repository/ShowAvailableProduct/input_username' located by 'By.xpath: //input[@name = 'username' and @type = 'text']' not found)"/>
         <system-out><![CDATA[2018-05-09 23:16:19 - [TEST_CASE][FAILED] - Test Cases/TestG: Test Cases/TestG FAILED because (of) Unable to set text 'user' of object 'Object Repository/ShowAvailableProduct/input_username' (Root cause: com.kms.katalon.core.webui.exception.WebElementNotFoundException: Web element with id: 'Object Repository/ShowAvailableProduct/input_username' located by 'By.xpath: //input[@name = 'username' and @type = 'text']' not found)

2018-05-09 23:16:19 - [TEST_STEP][PASSED] - openBrowser: Browser is opened with url: ''

2018-05-09 23:17:05 - [MESSAGE][PASSED] - Browser is opened with url: ''

2018-05-09 23:17:05 - [TEST_STEP][PASSED] - navigateToUrl: Navigate to 'http://54.245.190.238:9998/' successfully

2018-05-09 23:17:13 - [MESSAGE][PASSED] - Navigate to 'http://54.245.190.238:9998/' successfully

2018-05-09 23:17:13 - [TEST_STEP][FAILED] - setText: Unable to set text 'user' of object 'Object Repository/ShowAvailableProduct/input_username' (Root cause: com.kms.katalon.core.webui.exception.WebElementNotFoundException: Web element with id: 'Object Repository/ShowAvailableProduct/input_username' located by 'By.xpath: //input[@name = 'username' and @type = 'text']' not found)

2018-05-09 23:17:52 - [MESSAGE][FAILED] - Unable to set text 'user' of object 'Object Repository/ShowAvailableProduct/input_username' (Root cause: com.kms.katalon.core.webui.exception.WebElementNotFoundException: Web element with id: 'Object Repository/ShowAvailableProduct/input_username' located by 'By.xpath: //input[@name = 'username' and @type = 'text']' not found)
[[ATTACHMENT|F:\\234project-backend\\234project\\Reports\\TestG\\20180509_231609\\1525882667465.png]]]]></system-out>
         <system-err><![CDATA[2018-05-09 23:16:19 - [TEST_CASE][FAILED] - Test Cases/TestG: Test Cases/TestG FAILED because (of) Unable to set text 'user' of object 'Object Repository/ShowAvailableProduct/input_username' (Root cause: com.kms.katalon.core.webui.exception.WebElementNotFoundException: Web element with id: 'Object Repository/ShowAvailableProduct/input_username' located by 'By.xpath: //input[@name = 'username' and @type = 'text']' not found)]]></system-err>
      </testcase>
      <testcase name="Test Cases/TestG" classname="Test Cases/TestG" status="FAILED">
         <failure type="FAILED" message="Unable to set text 'user' of object 'Object Repository/ShowAvailableProduct/input_username' (Root cause: com.kms.katalon.core.webui.exception.WebElementNotFoundException: Web element with id: 'Object Repository/ShowAvailableProduct/input_username' located by 'By.xpath: //input[@name = 'username' and @type = 'text']' not found)"/>
         <system-out><![CDATA[2018-05-09 23:17:52 - [TEST_CASE][FAILED] - Test Cases/TestG: Test Cases/TestG FAILED because (of) Unable to set text 'user' of object 'Object Repository/ShowAvailableProduct/input_username' (Root cause: com.kms.katalon.core.webui.exception.WebElementNotFoundException: Web element with id: 'Object Repository/ShowAvailableProduct/input_username' located by 'By.xpath: //input[@name = 'username' and @type = 'text']' not found)

2018-05-09 23:17:52 - [TEST_STEP][PASSED] - openBrowser: Browser is opened with url: ''

2018-05-09 23:17:52 - [MESSAGE][WARNING] - A browser is already opened. Closing browser and opening a new one

2018-05-09 23:18:14 - [MESSAGE][PASSED] - Browser is opened with url: ''

2018-05-09 23:18:14 - [TEST_STEP][PASSED] - navigateToUrl: Navigate to 'http://54.245.190.238:9998/' successfully

2018-05-09 23:18:21 - [MESSAGE][PASSED] - Navigate to 'http://54.245.190.238:9998/' successfully

2018-05-09 23:18:21 - [TEST_STEP][FAILED] - setText: Unable to set text 'user' of object 'Object Repository/ShowAvailableProduct/input_username' (Root cause: com.kms.katalon.core.webui.exception.WebElementNotFoundException: Web element with id: 'Object Repository/ShowAvailableProduct/input_username' located by 'By.xpath: //input[@name = 'username' and @type = 'text']' not found)

2018-05-09 23:18:53 - [MESSAGE][FAILED] - Unable to set text 'user' of object 'Object Repository/ShowAvailableProduct/input_username' (Root cause: com.kms.katalon.core.webui.exception.WebElementNotFoundException: Web element with id: 'Object Repository/ShowAvailableProduct/input_username' located by 'By.xpath: //input[@name = 'username' and @type = 'text']' not found)
[[ATTACHMENT|F:\\234project-backend\\234project\\Reports\\TestG\\20180509_231609\\1525882732979.png]]]]></system-out>
         <system-err><![CDATA[2018-05-09 23:17:52 - [TEST_CASE][FAILED] - Test Cases/TestG: Test Cases/TestG FAILED because (of) Unable to set text 'user' of object 'Object Repository/ShowAvailableProduct/input_username' (Root cause: com.kms.katalon.core.webui.exception.WebElementNotFoundException: Web element with id: 'Object Repository/ShowAvailableProduct/input_username' located by 'By.xpath: //input[@name = 'username' and @type = 'text']' not found)]]></system-err>
      </testcase>
      <testcase name="Test Cases/TestG" classname="Test Cases/TestG" status="FAILED">
         <failure type="FAILED" message="Unable to set text 'user' of object 'Object Repository/ShowAvailableProduct/input_username' (Root cause: com.kms.katalon.core.webui.exception.WebElementNotFoundException: Web element with id: 'Object Repository/ShowAvailableProduct/input_username' located by 'By.xpath: //input[@name = 'username' and @type = 'text']' not found)"/>
         <system-out><![CDATA[2018-05-09 23:18:53 - [TEST_CASE][FAILED] - Test Cases/TestG: Test Cases/TestG FAILED because (of) Unable to set text 'user' of object 'Object Repository/ShowAvailableProduct/input_username' (Root cause: com.kms.katalon.core.webui.exception.WebElementNotFoundException: Web element with id: 'Object Repository/ShowAvailableProduct/input_username' located by 'By.xpath: //input[@name = 'username' and @type = 'text']' not found)

2018-05-09 23:18:53 - [TEST_STEP][PASSED] - openBrowser: Browser is opened with url: ''

2018-05-09 23:18:53 - [MESSAGE][WARNING] - A browser is already opened. Closing browser and opening a new one

2018-05-09 23:19:01 - [MESSAGE][PASSED] - Browser is opened with url: ''

2018-05-09 23:19:01 - [TEST_STEP][PASSED] - navigateToUrl: Navigate to 'http://54.245.190.238:9998/' successfully

2018-05-09 23:19:07 - [MESSAGE][PASSED] - Navigate to 'http://54.245.190.238:9998/' successfully

2018-05-09 23:19:07 - [TEST_STEP][FAILED] - setText: Unable to set text 'user' of object 'Object Repository/ShowAvailableProduct/input_username' (Root cause: com.kms.katalon.core.webui.exception.WebElementNotFoundException: Web element with id: 'Object Repository/ShowAvailableProduct/input_username' located by 'By.xpath: //input[@name = 'username' and @type = 'text']' not found)

2018-05-09 23:19:39 - [MESSAGE][FAILED] - Unable to set text 'user' of object 'Object Repository/ShowAvailableProduct/input_username' (Root cause: com.kms.katalon.core.webui.exception.WebElementNotFoundException: Web element with id: 'Object Repository/ShowAvailableProduct/input_username' located by 'By.xpath: //input[@name = 'username' and @type = 'text']' not found)
[[ATTACHMENT|F:\\234project-backend\\234project\\Reports\\TestG\\20180509_231609\\1525882779126.png]]]]></system-out>
         <system-err><![CDATA[2018-05-09 23:18:53 - [TEST_CASE][FAILED] - Test Cases/TestG: Test Cases/TestG FAILED because (of) Unable to set text 'user' of object 'Object Repository/ShowAvailableProduct/input_username' (Root cause: com.kms.katalon.core.webui.exception.WebElementNotFoundException: Web element with id: 'Object Repository/ShowAvailableProduct/input_username' located by 'By.xpath: //input[@name = 'username' and @type = 'text']' not found)]]></system-err>
      </testcase>
      <system-out><![CDATA[2018-05-09 23:16:18 - [TEST_SUITE][FAILED] - TestG: Test Cases/TestG FAILED because (of) Unable to set text 'user' of object 'Object Repository/ShowAvailableProduct/input_username' (Root cause: com.kms.katalon.core.webui.exception.WebElementNotFoundException: Web element with id: 'Object Repository/ShowAvailableProduct/input_username' located by 'By.xpath: //input[@name = 'username' and @type = 'text']' not found)]]></system-out>
      <system-err><![CDATA[2018-05-09 23:16:18 - [TEST_SUITE][FAILED] - TestG: Test Cases/TestG FAILED because (of) Unable to set text 'user' of object 'Object Repository/ShowAvailableProduct/input_username' (Root cause: com.kms.katalon.core.webui.exception.WebElementNotFoundException: Web element with id: 'Object Repository/ShowAvailableProduct/input_username' located by 'By.xpath: //input[@name = 'username' and @type = 'text']' not found)]]></system-err>
   </testsuite>
</testsuites>
