<?xml version="1.0" encoding="UTF-8"?>
<testsuites name="TestC" time="55" tests="3" failures="0" errors="0">
   <testsuite name="TestC" tests="3" failures="0" errors="0" time="55" timestamp="2018-05-09 21:31:38" hostname="Administrator - USER-20170218VE" id="Test Suites/TestC">
      <properties>
         <property name="deviceName" value=""/>
         <property name="devicePlatform" value=""/>
         <property name="logFolder" value="F:\\234project-backend\\234project\\Reports\\TestC\\20180509_213136"/>
         <property name="logFiles" value="F:\\234project-backend\\234project\\Reports\\TestC\\20180509_213136\\execution0.log"/>
         <property name="attachments" value=""/>
         <property name="hostName" value="Administrator - USER-20170218VE"/>
         <property name="os" value="Windows 10 64bit"/>
         <property name="katalonVersion" value="5.4.1.1"/>
         <property name="browser" value="Chrome 62.0.3202.94"/>
         <property name="hostAddress" value="192.168.0.103"/>
         <property name="sessionId" value="2555e9d6275191bc28a8c94d7e33b701"/>
         <property name="seleniumVersion" value="3.7.1"/>
         <property name="proxyInformation" value="ProxyInformation{proxyOption=NO_PROXY, proxyServerType=HTTP, password=, proxyServerAddress=, proxyServerPort=0}"/>
         <property name="platform" value="Windows 10"/>
      </properties>
      <testcase name="Test Cases/TestC" classname="Test Cases/TestC" status="PASSED">
         <system-out><![CDATA[2018-05-09 21:31:38 - [TEST_CASE][PASSED] - Test Cases/TestC: Test Cases/TestC

2018-05-09 21:31:39 - [TEST_STEP][PASSED] - openBrowser: Browser is opened with url: ''

2018-05-09 21:31:48 - [MESSAGE][PASSED] - Browser is opened with url: ''

2018-05-09 21:31:48 - [TEST_STEP][PASSED] - navigateToUrl: Navigate to 'http://54.245.190.238:9998/' successfully

2018-05-09 21:31:57 - [MESSAGE][PASSED] - Navigate to 'http://54.245.190.238:9998/' successfully

2018-05-09 21:31:57 - [TEST_STEP][PASSED] - setText: Text 'user' is set on object 'Object Repository/ShowUserPage/input_username'

2018-05-09 21:31:58 - [MESSAGE][PASSED] - Text 'user' is set on object 'Object Repository/ShowUserPage/input_username'

2018-05-09 21:31:58 - [TEST_STEP][PASSED] - setText: Text 'user' is set on object 'Object Repository/ShowUserPage/input_password'

2018-05-09 21:31:58 - [MESSAGE][PASSED] - Text 'user' is set on object 'Object Repository/ShowUserPage/input_password'

2018-05-09 21:31:58 - [TEST_STEP][PASSED] - click: Object: 'Object Repository/ShowUserPage/button_Login' is clicked on

2018-05-09 21:31:58 - [MESSAGE][PASSED] - Object: 'Object Repository/ShowUserPage/button_Login' is clicked on

2018-05-09 21:31:58 - [TEST_STEP][PASSED] - verifyElementClickable: Object 'Object Repository/ShowUserPage/a_Products' is clickable

2018-05-09 21:32:00 - [MESSAGE][PASSED] - Object 'Object Repository/ShowUserPage/a_Products' is clickable

2018-05-09 21:32:00 - [TEST_STEP][PASSED] - verifyElementClickable: Object 'Object Repository/ShowUserPage/a_Carts' is clickable

2018-05-09 21:32:00 - [MESSAGE][PASSED] - Object 'Object Repository/ShowUserPage/a_Carts' is clickable

2018-05-09 21:32:00 - [TEST_STEP][PASSED] - closeBrowser: Browser is closed

2018-05-09 21:32:01 - [MESSAGE][PASSED] - Browser is closed]]></system-out>
         <system-err><![CDATA[]]></system-err>
      </testcase>
      <testcase name="Test Cases/TestC" classname="Test Cases/TestC" status="PASSED">
         <system-out><![CDATA[2018-05-09 21:32:01 - [TEST_CASE][PASSED] - Test Cases/TestC: Test Cases/TestC

2018-05-09 21:32:01 - [TEST_STEP][PASSED] - openBrowser: Browser is opened with url: ''

2018-05-09 21:32:05 - [MESSAGE][PASSED] - Browser is opened with url: ''

2018-05-09 21:32:05 - [TEST_STEP][PASSED] - navigateToUrl: Navigate to 'http://54.245.190.238:9998/' successfully

2018-05-09 21:32:16 - [MESSAGE][PASSED] - Navigate to 'http://54.245.190.238:9998/' successfully

2018-05-09 21:32:16 - [TEST_STEP][PASSED] - setText: Text 'user' is set on object 'Object Repository/ShowUserPage/input_username'

2018-05-09 21:32:16 - [MESSAGE][PASSED] - Text 'user' is set on object 'Object Repository/ShowUserPage/input_username'

2018-05-09 21:32:16 - [TEST_STEP][PASSED] - setText: Text 'user' is set on object 'Object Repository/ShowUserPage/input_password'

2018-05-09 21:32:16 - [MESSAGE][PASSED] - Text 'user' is set on object 'Object Repository/ShowUserPage/input_password'

2018-05-09 21:32:16 - [TEST_STEP][PASSED] - click: Object: 'Object Repository/ShowUserPage/button_Login' is clicked on

2018-05-09 21:32:17 - [MESSAGE][PASSED] - Object: 'Object Repository/ShowUserPage/button_Login' is clicked on

2018-05-09 21:32:17 - [TEST_STEP][PASSED] - verifyElementClickable: Object 'Object Repository/ShowUserPage/a_Products' is clickable

2018-05-09 21:32:18 - [MESSAGE][PASSED] - Object 'Object Repository/ShowUserPage/a_Products' is clickable

2018-05-09 21:32:18 - [TEST_STEP][PASSED] - verifyElementClickable: Object 'Object Repository/ShowUserPage/a_Carts' is clickable

2018-05-09 21:32:18 - [MESSAGE][PASSED] - Object 'Object Repository/ShowUserPage/a_Carts' is clickable

2018-05-09 21:32:18 - [TEST_STEP][PASSED] - closeBrowser: Browser is closed

2018-05-09 21:32:19 - [MESSAGE][PASSED] - Browser is closed]]></system-out>
         <system-err><![CDATA[]]></system-err>
      </testcase>
      <testcase name="Test Cases/TestC" classname="Test Cases/TestC" status="PASSED">
         <system-out><![CDATA[2018-05-09 21:32:19 - [TEST_CASE][PASSED] - Test Cases/TestC: Test Cases/TestC

2018-05-09 21:32:19 - [TEST_STEP][PASSED] - openBrowser: Browser is opened with url: ''

2018-05-09 21:32:23 - [MESSAGE][PASSED] - Browser is opened with url: ''

2018-05-09 21:32:23 - [TEST_STEP][PASSED] - navigateToUrl: Navigate to 'http://54.245.190.238:9998/' successfully

2018-05-09 21:32:30 - [MESSAGE][PASSED] - Navigate to 'http://54.245.190.238:9998/' successfully

2018-05-09 21:32:30 - [TEST_STEP][PASSED] - setText: Text 'user' is set on object 'Object Repository/ShowUserPage/input_username'

2018-05-09 21:32:30 - [MESSAGE][PASSED] - Text 'user' is set on object 'Object Repository/ShowUserPage/input_username'

2018-05-09 21:32:30 - [TEST_STEP][PASSED] - setText: Text 'user' is set on object 'Object Repository/ShowUserPage/input_password'

2018-05-09 21:32:30 - [MESSAGE][PASSED] - Text 'user' is set on object 'Object Repository/ShowUserPage/input_password'

2018-05-09 21:32:30 - [TEST_STEP][PASSED] - click: Object: 'Object Repository/ShowUserPage/button_Login' is clicked on

2018-05-09 21:32:30 - [MESSAGE][PASSED] - Object: 'Object Repository/ShowUserPage/button_Login' is clicked on

2018-05-09 21:32:30 - [TEST_STEP][PASSED] - verifyElementClickable: Object 'Object Repository/ShowUserPage/a_Products' is clickable

2018-05-09 21:32:32 - [MESSAGE][PASSED] - Object 'Object Repository/ShowUserPage/a_Products' is clickable

2018-05-09 21:32:32 - [TEST_STEP][PASSED] - verifyElementClickable: Object 'Object Repository/ShowUserPage/a_Carts' is clickable

2018-05-09 21:32:32 - [MESSAGE][PASSED] - Object 'Object Repository/ShowUserPage/a_Carts' is clickable

2018-05-09 21:32:32 - [TEST_STEP][PASSED] - closeBrowser: Browser is closed

2018-05-09 21:32:33 - [MESSAGE][PASSED] - Browser is closed]]></system-out>
         <system-err><![CDATA[]]></system-err>
      </testcase>
      <system-out><![CDATA[2018-05-09 21:31:38 - [TEST_SUITE][PASSED] - TestC: Test Cases/TestC]]></system-out>
      <system-err><![CDATA[]]></system-err>
   </testsuite>
</testsuites>
