<?xml version="1.0" encoding="UTF-8"?>
<testsuites name="TestI" time="71" tests="3" failures="0" errors="0">
   <testsuite name="TestI" tests="3" failures="0" errors="0" time="71" timestamp="2018-05-10 01:10:08" hostname="Administrator - USER-20170218VE" id="Test Suites/TestI">
      <properties>
         <property name="deviceName" value=""/>
         <property name="devicePlatform" value=""/>
         <property name="logFolder" value="F:\\234project-backend\\234project\\Reports\\TestI\\20180510_010956"/>
         <property name="logFiles" value="F:\\234project-backend\\234project\\Reports\\TestI\\20180510_010956\\execution0.log"/>
         <property name="attachments" value=""/>
         <property name="hostName" value="Administrator - USER-20170218VE"/>
         <property name="os" value="Windows 10 64bit"/>
         <property name="katalonVersion" value="5.4.1.1"/>
         <property name="browser" value="Chrome 62.0.3202.94"/>
         <property name="hostAddress" value="192.168.0.103"/>
         <property name="sessionId" value="1471b97c717f905ff48c23c6c19f8c61"/>
         <property name="seleniumVersion" value="3.7.1"/>
         <property name="proxyInformation" value="ProxyInformation{proxyOption=NO_PROXY, proxyServerType=HTTP, password=, proxyServerAddress=, proxyServerPort=0}"/>
         <property name="platform" value="Windows 10"/>
      </properties>
      <testcase name="Test Cases/TestI" classname="Test Cases/TestI" status="PASSED">
         <system-out><![CDATA[2018-05-10 01:10:09 - [TEST_CASE][PASSED] - Test Cases/TestI: Test Cases/TestI

2018-05-10 01:10:10 - [TEST_STEP][PASSED] - openBrowser: Browser is opened with url: ''

2018-05-10 01:10:21 - [MESSAGE][PASSED] - Browser is opened with url: ''

2018-05-10 01:10:21 - [TEST_STEP][PASSED] - navigateToUrl: Navigate to 'http://54.245.190.238:9998/' successfully

2018-05-10 01:10:31 - [MESSAGE][PASSED] - Navigate to 'http://54.245.190.238:9998/' successfully

2018-05-10 01:10:31 - [TEST_STEP][PASSED] - setText: Text 'user' is set on object 'Object Repository/ChangeAmountAndConfirm/input_username'

2018-05-10 01:10:32 - [MESSAGE][PASSED] - Text 'user' is set on object 'Object Repository/ChangeAmountAndConfirm/input_username'

2018-05-10 01:10:32 - [TEST_STEP][PASSED] - setText: Text 'user' is set on object 'Object Repository/ChangeAmountAndConfirm/input_password'

2018-05-10 01:10:32 - [MESSAGE][PASSED] - Text 'user' is set on object 'Object Repository/ChangeAmountAndConfirm/input_password'

2018-05-10 01:10:32 - [TEST_STEP][PASSED] - click: Object: 'Object Repository/ChangeAmountAndConfirm/button_Login' is clicked on

2018-05-10 01:10:32 - [MESSAGE][PASSED] - Object: 'Object Repository/ChangeAmountAndConfirm/button_Login' is clicked on

2018-05-10 01:10:32 - [TEST_STEP][PASSED] - click: Object: 'Object Repository/ChangeAmountAndConfirm/button_add to cart' is clicked on

2018-05-10 01:10:33 - [MESSAGE][PASSED] - Object: 'Object Repository/ChangeAmountAndConfirm/button_add to cart' is clicked on

2018-05-10 01:10:33 - [TEST_STEP][PASSED] - click: Object: 'Object Repository/ChangeAmountAndConfirm/button_add to cart' is clicked on

2018-05-10 01:10:34 - [MESSAGE][PASSED] - Object: 'Object Repository/ChangeAmountAndConfirm/button_add to cart' is clicked on

2018-05-10 01:10:34 - [TEST_STEP][PASSED] - click: Object: 'Object Repository/ChangeAmountAndConfirm/button_add to cart' is clicked on

2018-05-10 01:10:34 - [MESSAGE][PASSED] - Object: 'Object Repository/ChangeAmountAndConfirm/button_add to cart' is clicked on

2018-05-10 01:10:34 - [TEST_STEP][PASSED] - click: Object: 'Object Repository/ChangeAmountAndConfirm/button_add to cart' is clicked on

2018-05-10 01:10:35 - [MESSAGE][PASSED] - Object: 'Object Repository/ChangeAmountAndConfirm/button_add to cart' is clicked on

2018-05-10 01:10:35 - [TEST_STEP][PASSED] - click: Object: 'Object Repository/ChangeAmountAndConfirm/button_add to cart' is clicked on

2018-05-10 01:10:35 - [MESSAGE][PASSED] - Object: 'Object Repository/ChangeAmountAndConfirm/button_add to cart' is clicked on

2018-05-10 01:10:35 - [TEST_STEP][PASSED] - click: Object: 'Object Repository/ChangeAmountAndConfirm/a_Carts            5' is clicked on

2018-05-10 01:10:35 - [MESSAGE][PASSED] - Object: 'Object Repository/ChangeAmountAndConfirm/a_Carts            5' is clicked on

2018-05-10 01:10:35 - [TEST_STEP][PASSED] - verifyElementText: Actual text and expected text of test object 'Object Repository/ChangeAmountAndConfirm/td_Garden' are matched.

2018-05-10 01:10:35 - [MESSAGE][PASSED] - Actual text and expected text of test object 'Object Repository/ChangeAmountAndConfirm/td_Garden' are matched.

2018-05-10 01:10:35 - [TEST_STEP][PASSED] - verifyElementText: Actual text and expected text of test object 'Object Repository/ChangeAmountAndConfirm/td_Banana' are matched.

2018-05-10 01:10:35 - [MESSAGE][PASSED] - Actual text and expected text of test object 'Object Repository/ChangeAmountAndConfirm/td_Banana' are matched.

2018-05-10 01:10:35 - [TEST_STEP][PASSED] - verifyElementText: Actual text and expected text of test object 'Object Repository/ChangeAmountAndConfirm/td_Orange' are matched.

2018-05-10 01:10:35 - [MESSAGE][PASSED] - Actual text and expected text of test object 'Object Repository/ChangeAmountAndConfirm/td_Orange' are matched.

2018-05-10 01:10:35 - [TEST_STEP][PASSED] - verifyElementText: Actual text and expected text of test object 'Object Repository/ChangeAmountAndConfirm/td_Papaya' are matched.

2018-05-10 01:10:35 - [MESSAGE][PASSED] - Actual text and expected text of test object 'Object Repository/ChangeAmountAndConfirm/td_Papaya' are matched.

2018-05-10 01:10:35 - [TEST_STEP][PASSED] - verifyElementText: Actual text and expected text of test object 'Object Repository/ChangeAmountAndConfirm/td_Rambutan' are matched.

2018-05-10 01:10:35 - [MESSAGE][PASSED] - Actual text and expected text of test object 'Object Repository/ChangeAmountAndConfirm/td_Rambutan' are matched.

2018-05-10 01:10:35 - [TEST_STEP][PASSED] - setText: Text '2' is set on object 'Object Repository/ChangeAmountAndConfirm/input_amount'

2018-05-10 01:10:35 - [MESSAGE][PASSED] - Text '2' is set on object 'Object Repository/ChangeAmountAndConfirm/input_amount'

2018-05-10 01:10:35 - [TEST_STEP][PASSED] - click: Object: 'Object Repository/ChangeAmountAndConfirm/button_confirm' is clicked on

2018-05-10 01:10:36 - [MESSAGE][PASSED] - Object: 'Object Repository/ChangeAmountAndConfirm/button_confirm' is clicked on

2018-05-10 01:10:36 - [TEST_STEP][PASSED] - acceptAlert: Alert accepted

2018-05-10 01:10:36 - [MESSAGE][PASSED] - Alert accepted

2018-05-10 01:10:36 - [TEST_STEP][PASSED] - verifyElementText: Actual text and expected text of test object 'Object Repository/ChangeAmountAndConfirm/div_Well done You successfully' are matched.

2018-05-10 01:10:36 - [MESSAGE][PASSED] - Actual text and expected text of test object 'Object Repository/ChangeAmountAndConfirm/div_Well done You successfully' are matched.

2018-05-10 01:10:36 - [TEST_STEP][PASSED] - closeBrowser: Browser is closed

2018-05-10 01:10:37 - [MESSAGE][PASSED] - Browser is closed]]></system-out>
         <system-err><![CDATA[]]></system-err>
      </testcase>
      <testcase name="Test Cases/TestI" classname="Test Cases/TestI" status="PASSED">
         <system-out><![CDATA[2018-05-10 01:10:37 - [TEST_CASE][PASSED] - Test Cases/TestI: Test Cases/TestI

2018-05-10 01:10:38 - [TEST_STEP][PASSED] - openBrowser: Browser is opened with url: ''

2018-05-10 01:10:44 - [MESSAGE][PASSED] - Browser is opened with url: ''

2018-05-10 01:10:44 - [TEST_STEP][PASSED] - navigateToUrl: Navigate to 'http://54.245.190.238:9998/' successfully

2018-05-10 01:10:54 - [MESSAGE][PASSED] - Navigate to 'http://54.245.190.238:9998/' successfully

2018-05-10 01:10:54 - [TEST_STEP][PASSED] - setText: Text 'user' is set on object 'Object Repository/ChangeAmountAndConfirm/input_username'

2018-05-10 01:10:54 - [MESSAGE][PASSED] - Text 'user' is set on object 'Object Repository/ChangeAmountAndConfirm/input_username'

2018-05-10 01:10:54 - [TEST_STEP][PASSED] - setText: Text 'user' is set on object 'Object Repository/ChangeAmountAndConfirm/input_password'

2018-05-10 01:10:54 - [MESSAGE][PASSED] - Text 'user' is set on object 'Object Repository/ChangeAmountAndConfirm/input_password'

2018-05-10 01:10:54 - [TEST_STEP][PASSED] - click: Object: 'Object Repository/ChangeAmountAndConfirm/button_Login' is clicked on

2018-05-10 01:10:54 - [MESSAGE][PASSED] - Object: 'Object Repository/ChangeAmountAndConfirm/button_Login' is clicked on

2018-05-10 01:10:54 - [TEST_STEP][PASSED] - click: Object: 'Object Repository/ChangeAmountAndConfirm/button_add to cart' is clicked on

2018-05-10 01:10:56 - [MESSAGE][PASSED] - Object: 'Object Repository/ChangeAmountAndConfirm/button_add to cart' is clicked on

2018-05-10 01:10:56 - [TEST_STEP][PASSED] - click: Object: 'Object Repository/ChangeAmountAndConfirm/button_add to cart' is clicked on

2018-05-10 01:10:56 - [MESSAGE][PASSED] - Object: 'Object Repository/ChangeAmountAndConfirm/button_add to cart' is clicked on

2018-05-10 01:10:56 - [TEST_STEP][PASSED] - click: Object: 'Object Repository/ChangeAmountAndConfirm/button_add to cart' is clicked on

2018-05-10 01:10:57 - [MESSAGE][PASSED] - Object: 'Object Repository/ChangeAmountAndConfirm/button_add to cart' is clicked on

2018-05-10 01:10:57 - [TEST_STEP][PASSED] - click: Object: 'Object Repository/ChangeAmountAndConfirm/button_add to cart' is clicked on

2018-05-10 01:10:57 - [MESSAGE][PASSED] - Object: 'Object Repository/ChangeAmountAndConfirm/button_add to cart' is clicked on

2018-05-10 01:10:57 - [TEST_STEP][PASSED] - click: Object: 'Object Repository/ChangeAmountAndConfirm/button_add to cart' is clicked on

2018-05-10 01:10:57 - [MESSAGE][PASSED] - Object: 'Object Repository/ChangeAmountAndConfirm/button_add to cart' is clicked on

2018-05-10 01:10:57 - [TEST_STEP][PASSED] - click: Object: 'Object Repository/ChangeAmountAndConfirm/a_Carts            5' is clicked on

2018-05-10 01:10:57 - [MESSAGE][PASSED] - Object: 'Object Repository/ChangeAmountAndConfirm/a_Carts            5' is clicked on

2018-05-10 01:10:57 - [TEST_STEP][PASSED] - verifyElementText: Actual text and expected text of test object 'Object Repository/ChangeAmountAndConfirm/td_Garden' are matched.

2018-05-10 01:10:57 - [MESSAGE][PASSED] - Actual text and expected text of test object 'Object Repository/ChangeAmountAndConfirm/td_Garden' are matched.

2018-05-10 01:10:57 - [TEST_STEP][PASSED] - verifyElementText: Actual text and expected text of test object 'Object Repository/ChangeAmountAndConfirm/td_Banana' are matched.

2018-05-10 01:10:58 - [MESSAGE][PASSED] - Actual text and expected text of test object 'Object Repository/ChangeAmountAndConfirm/td_Banana' are matched.

2018-05-10 01:10:58 - [TEST_STEP][PASSED] - verifyElementText: Actual text and expected text of test object 'Object Repository/ChangeAmountAndConfirm/td_Orange' are matched.

2018-05-10 01:10:58 - [MESSAGE][PASSED] - Actual text and expected text of test object 'Object Repository/ChangeAmountAndConfirm/td_Orange' are matched.

2018-05-10 01:10:58 - [TEST_STEP][PASSED] - verifyElementText: Actual text and expected text of test object 'Object Repository/ChangeAmountAndConfirm/td_Papaya' are matched.

2018-05-10 01:10:58 - [MESSAGE][PASSED] - Actual text and expected text of test object 'Object Repository/ChangeAmountAndConfirm/td_Papaya' are matched.

2018-05-10 01:10:58 - [TEST_STEP][PASSED] - verifyElementText: Actual text and expected text of test object 'Object Repository/ChangeAmountAndConfirm/td_Rambutan' are matched.

2018-05-10 01:10:58 - [MESSAGE][PASSED] - Actual text and expected text of test object 'Object Repository/ChangeAmountAndConfirm/td_Rambutan' are matched.

2018-05-10 01:10:58 - [TEST_STEP][PASSED] - setText: Text '2' is set on object 'Object Repository/ChangeAmountAndConfirm/input_amount'

2018-05-10 01:10:58 - [MESSAGE][PASSED] - Text '2' is set on object 'Object Repository/ChangeAmountAndConfirm/input_amount'

2018-05-10 01:10:58 - [TEST_STEP][PASSED] - click: Object: 'Object Repository/ChangeAmountAndConfirm/button_confirm' is clicked on

2018-05-10 01:10:58 - [MESSAGE][PASSED] - Object: 'Object Repository/ChangeAmountAndConfirm/button_confirm' is clicked on

2018-05-10 01:10:58 - [TEST_STEP][PASSED] - acceptAlert: Alert accepted

2018-05-10 01:10:58 - [MESSAGE][PASSED] - Alert accepted

2018-05-10 01:10:58 - [TEST_STEP][PASSED] - verifyElementText: Actual text and expected text of test object 'Object Repository/ChangeAmountAndConfirm/div_Well done You successfully' are matched.

2018-05-10 01:10:59 - [MESSAGE][PASSED] - Actual text and expected text of test object 'Object Repository/ChangeAmountAndConfirm/div_Well done You successfully' are matched.

2018-05-10 01:10:59 - [TEST_STEP][PASSED] - closeBrowser: Browser is closed

2018-05-10 01:11:00 - [MESSAGE][PASSED] - Browser is closed]]></system-out>
         <system-err><![CDATA[]]></system-err>
      </testcase>
      <testcase name="Test Cases/TestI" classname="Test Cases/TestI" status="PASSED">
         <system-out><![CDATA[2018-05-10 01:11:00 - [TEST_CASE][PASSED] - Test Cases/TestI: Test Cases/TestI

2018-05-10 01:11:00 - [TEST_STEP][PASSED] - openBrowser: Browser is opened with url: ''

2018-05-10 01:11:05 - [MESSAGE][PASSED] - Browser is opened with url: ''

2018-05-10 01:11:05 - [TEST_STEP][PASSED] - navigateToUrl: Navigate to 'http://54.245.190.238:9998/' successfully

2018-05-10 01:11:13 - [MESSAGE][PASSED] - Navigate to 'http://54.245.190.238:9998/' successfully

2018-05-10 01:11:13 - [TEST_STEP][PASSED] - setText: Text 'user' is set on object 'Object Repository/ChangeAmountAndConfirm/input_username'

2018-05-10 01:11:14 - [MESSAGE][PASSED] - Text 'user' is set on object 'Object Repository/ChangeAmountAndConfirm/input_username'

2018-05-10 01:11:14 - [TEST_STEP][PASSED] - setText: Text 'user' is set on object 'Object Repository/ChangeAmountAndConfirm/input_password'

2018-05-10 01:11:14 - [MESSAGE][PASSED] - Text 'user' is set on object 'Object Repository/ChangeAmountAndConfirm/input_password'

2018-05-10 01:11:14 - [TEST_STEP][PASSED] - click: Object: 'Object Repository/ChangeAmountAndConfirm/button_Login' is clicked on

2018-05-10 01:11:14 - [MESSAGE][PASSED] - Object: 'Object Repository/ChangeAmountAndConfirm/button_Login' is clicked on

2018-05-10 01:11:14 - [TEST_STEP][PASSED] - click: Object: 'Object Repository/ChangeAmountAndConfirm/button_add to cart' is clicked on

2018-05-10 01:11:16 - [MESSAGE][PASSED] - Object: 'Object Repository/ChangeAmountAndConfirm/button_add to cart' is clicked on

2018-05-10 01:11:16 - [TEST_STEP][PASSED] - click: Object: 'Object Repository/ChangeAmountAndConfirm/button_add to cart' is clicked on

2018-05-10 01:11:16 - [MESSAGE][PASSED] - Object: 'Object Repository/ChangeAmountAndConfirm/button_add to cart' is clicked on

2018-05-10 01:11:16 - [TEST_STEP][PASSED] - click: Object: 'Object Repository/ChangeAmountAndConfirm/button_add to cart' is clicked on

2018-05-10 01:11:17 - [MESSAGE][PASSED] - Object: 'Object Repository/ChangeAmountAndConfirm/button_add to cart' is clicked on

2018-05-10 01:11:17 - [TEST_STEP][PASSED] - click: Object: 'Object Repository/ChangeAmountAndConfirm/button_add to cart' is clicked on

2018-05-10 01:11:17 - [MESSAGE][PASSED] - Object: 'Object Repository/ChangeAmountAndConfirm/button_add to cart' is clicked on

2018-05-10 01:11:17 - [TEST_STEP][PASSED] - click: Object: 'Object Repository/ChangeAmountAndConfirm/button_add to cart' is clicked on

2018-05-10 01:11:17 - [MESSAGE][PASSED] - Object: 'Object Repository/ChangeAmountAndConfirm/button_add to cart' is clicked on

2018-05-10 01:11:17 - [TEST_STEP][PASSED] - click: Object: 'Object Repository/ChangeAmountAndConfirm/a_Carts            5' is clicked on

2018-05-10 01:11:17 - [MESSAGE][PASSED] - Object: 'Object Repository/ChangeAmountAndConfirm/a_Carts            5' is clicked on

2018-05-10 01:11:17 - [TEST_STEP][PASSED] - verifyElementText: Actual text and expected text of test object 'Object Repository/ChangeAmountAndConfirm/td_Garden' are matched.

2018-05-10 01:11:17 - [MESSAGE][PASSED] - Actual text and expected text of test object 'Object Repository/ChangeAmountAndConfirm/td_Garden' are matched.

2018-05-10 01:11:17 - [TEST_STEP][PASSED] - verifyElementText: Actual text and expected text of test object 'Object Repository/ChangeAmountAndConfirm/td_Banana' are matched.

2018-05-10 01:11:17 - [MESSAGE][PASSED] - Actual text and expected text of test object 'Object Repository/ChangeAmountAndConfirm/td_Banana' are matched.

2018-05-10 01:11:17 - [TEST_STEP][PASSED] - verifyElementText: Actual text and expected text of test object 'Object Repository/ChangeAmountAndConfirm/td_Orange' are matched.

2018-05-10 01:11:17 - [MESSAGE][PASSED] - Actual text and expected text of test object 'Object Repository/ChangeAmountAndConfirm/td_Orange' are matched.

2018-05-10 01:11:17 - [TEST_STEP][PASSED] - verifyElementText: Actual text and expected text of test object 'Object Repository/ChangeAmountAndConfirm/td_Papaya' are matched.

2018-05-10 01:11:18 - [MESSAGE][PASSED] - Actual text and expected text of test object 'Object Repository/ChangeAmountAndConfirm/td_Papaya' are matched.

2018-05-10 01:11:18 - [TEST_STEP][PASSED] - verifyElementText: Actual text and expected text of test object 'Object Repository/ChangeAmountAndConfirm/td_Rambutan' are matched.

2018-05-10 01:11:18 - [MESSAGE][PASSED] - Actual text and expected text of test object 'Object Repository/ChangeAmountAndConfirm/td_Rambutan' are matched.

2018-05-10 01:11:18 - [TEST_STEP][PASSED] - setText: Text '2' is set on object 'Object Repository/ChangeAmountAndConfirm/input_amount'

2018-05-10 01:11:18 - [MESSAGE][PASSED] - Text '2' is set on object 'Object Repository/ChangeAmountAndConfirm/input_amount'

2018-05-10 01:11:18 - [TEST_STEP][PASSED] - click: Object: 'Object Repository/ChangeAmountAndConfirm/button_confirm' is clicked on

2018-05-10 01:11:18 - [MESSAGE][PASSED] - Object: 'Object Repository/ChangeAmountAndConfirm/button_confirm' is clicked on

2018-05-10 01:11:18 - [TEST_STEP][PASSED] - acceptAlert: Alert accepted

2018-05-10 01:11:18 - [MESSAGE][PASSED] - Alert accepted

2018-05-10 01:11:18 - [TEST_STEP][PASSED] - verifyElementText: Actual text and expected text of test object 'Object Repository/ChangeAmountAndConfirm/div_Well done You successfully' are matched.

2018-05-10 01:11:19 - [MESSAGE][PASSED] - Actual text and expected text of test object 'Object Repository/ChangeAmountAndConfirm/div_Well done You successfully' are matched.

2018-05-10 01:11:19 - [TEST_STEP][PASSED] - closeBrowser: Browser is closed

2018-05-10 01:11:20 - [MESSAGE][PASSED] - Browser is closed]]></system-out>
         <system-err><![CDATA[]]></system-err>
      </testcase>
      <system-out><![CDATA[2018-05-10 01:10:08 - [TEST_SUITE][PASSED] - TestI: Test Cases/TestI]]></system-out>
      <system-err><![CDATA[]]></system-err>
   </testsuite>
</testsuites>
